Train in Davis
load finished
data shuffle
************************* 第 1 折 *************************
Training...
[  1/500] train_loss: 0.61253 valid_loss: 0.53434 valid_MSE: 0.53892 valid_MAE: 0.38674 valid_R2: 0.20073 
[  2/500] train_loss: 0.45502 valid_loss: 0.43043 valid_MSE: 0.43582 valid_MAE: 0.39673 valid_R2: 0.35363 
[  3/500] train_loss: 0.41717 valid_loss: 0.52904 valid_MSE: 0.53249 valid_MAE: 0.47183 valid_R2: 0.21027 
[  4/500] train_loss: 0.41214 valid_loss: 0.42160 valid_MSE: 0.42721 valid_MAE: 0.37578 valid_R2: 0.36641 
[  5/500] train_loss: 0.39142 valid_loss: 0.42580 valid_MSE: 0.43003 valid_MAE: 0.36991 valid_R2: 0.36222 
[  6/500] train_loss: 0.36971 valid_loss: 0.37894 valid_MSE: 0.38494 valid_MAE: 0.36267 valid_R2: 0.42909 
[  7/500] train_loss: 0.34490 valid_loss: 0.36256 valid_MSE: 0.36408 valid_MAE: 0.34961 valid_R2: 0.46003 
[  8/500] train_loss: 0.32109 valid_loss: 0.33438 valid_MSE: 0.33928 valid_MAE: 0.32132 valid_R2: 0.49682 
[  9/500] train_loss: 0.30169 valid_loss: 0.34128 valid_MSE: 0.34673 valid_MAE: 0.35666 valid_R2: 0.48576 
[ 10/500] train_loss: 0.29280 valid_loss: 0.31188 valid_MSE: 0.31592 valid_MAE: 0.30529 valid_R2: 0.53146 
[ 11/500] train_loss: 0.27153 valid_loss: 0.33918 valid_MSE: 0.34223 valid_MAE: 0.34546 valid_R2: 0.49243 
[ 12/500] train_loss: 0.26748 valid_loss: 0.29512 valid_MSE: 0.29926 valid_MAE: 0.30682 valid_R2: 0.55616 
[ 13/500] train_loss: 0.25246 valid_loss: 0.31494 valid_MSE: 0.31807 valid_MAE: 0.31886 valid_R2: 0.52828 
[ 14/500] train_loss: 0.23750 valid_loss: 0.28098 valid_MSE: 0.28362 valid_MAE: 0.28921 valid_R2: 0.57936 
[ 15/500] train_loss: 0.22483 valid_loss: 0.32538 valid_MSE: 0.32853 valid_MAE: 0.31034 valid_R2: 0.51276 
[ 16/500] train_loss: 0.21958 valid_loss: 0.26914 valid_MSE: 0.27220 valid_MAE: 0.28572 valid_R2: 0.59629 
[ 17/500] train_loss: 0.20435 valid_loss: 0.29798 valid_MSE: 0.29892 valid_MAE: 0.31565 valid_R2: 0.55668 
[ 18/500] train_loss: 0.19288 valid_loss: 0.26277 valid_MSE: 0.26369 valid_MAE: 0.27749 valid_R2: 0.60892 
[ 19/500] train_loss: 0.17458 valid_loss: 0.28471 valid_MSE: 0.28644 valid_MAE: 0.28741 valid_R2: 0.57517 
[ 20/500] train_loss: 0.16198 valid_loss: 0.25396 valid_MSE: 0.25515 valid_MAE: 0.26294 valid_R2: 0.62159 
[ 21/500] train_loss: 0.15604 valid_loss: 0.27638 valid_MSE: 0.27865 valid_MAE: 0.30142 valid_R2: 0.58674 
[ 22/500] train_loss: 0.14493 valid_loss: 0.24247 valid_MSE: 0.24372 valid_MAE: 0.25788 valid_R2: 0.63854 
[ 23/500] train_loss: 0.13436 valid_loss: 0.26087 valid_MSE: 0.26319 valid_MAE: 0.28419 valid_R2: 0.60966 
[ 24/500] train_loss: 0.12762 valid_loss: 0.24384 valid_MSE: 0.24487 valid_MAE: 0.26524 valid_R2: 0.63684 
[ 25/500] train_loss: 0.11208 valid_loss: 0.26348 valid_MSE: 0.26527 valid_MAE: 0.28126 valid_R2: 0.60658 
[ 26/500] train_loss: 0.10219 valid_loss: 0.23265 valid_MSE: 0.23392 valid_MAE: 0.24681 valid_R2: 0.65307 
[ 27/500] train_loss: 0.10347 valid_loss: 0.26058 valid_MSE: 0.26208 valid_MAE: 0.27782 valid_R2: 0.61130 
[ 28/500] train_loss: 0.09449 valid_loss: 0.22882 valid_MSE: 0.23016 valid_MAE: 0.24342 valid_R2: 0.65865 
[ 29/500] train_loss: 0.08600 valid_loss: 0.25267 valid_MSE: 0.25139 valid_MAE: 0.25467 valid_R2: 0.62716 
[ 30/500] train_loss: 0.08052 valid_loss: 0.22861 valid_MSE: 0.22891 valid_MAE: 0.24545 valid_R2: 0.66050 
[ 31/500] train_loss: 0.07210 valid_loss: 0.25021 valid_MSE: 0.25186 valid_MAE: 0.25541 valid_R2: 0.62647 
[ 32/500] train_loss: 0.06853 valid_loss: 0.22692 valid_MSE: 0.22813 valid_MAE: 0.24479 valid_R2: 0.66167 
[ 33/500] train_loss: 0.06416 valid_loss: 0.23281 valid_MSE: 0.23347 valid_MAE: 0.24327 valid_R2: 0.65375 
[ 34/500] train_loss: 0.06028 valid_loss: 0.21419 valid_MSE: 0.21536 valid_MAE: 0.23466 valid_R2: 0.68060 
[ 35/500] train_loss: 0.05642 valid_loss: 0.23992 valid_MSE: 0.24170 valid_MAE: 0.24589 valid_R2: 0.64153 
[ 36/500] train_loss: 0.05077 valid_loss: 0.21796 valid_MSE: 0.21927 valid_MAE: 0.23791 valid_R2: 0.67481 
[ 37/500] train_loss: 0.04797 valid_loss: 0.23022 valid_MSE: 0.23076 valid_MAE: 0.24999 valid_R2: 0.65777 
[ 38/500] train_loss: 0.04792 valid_loss: 0.21678 valid_MSE: 0.21803 valid_MAE: 0.23167 valid_R2: 0.67664 
[ 39/500] train_loss: 0.04587 valid_loss: 0.23339 valid_MSE: 0.23370 valid_MAE: 0.24662 valid_R2: 0.65340 
[ 40/500] train_loss: 0.04303 valid_loss: 0.21450 valid_MSE: 0.21544 valid_MAE: 0.23404 valid_R2: 0.68049 
[ 41/500] train_loss: 0.04085 valid_loss: 0.23213 valid_MSE: 0.23401 valid_MAE: 0.23809 valid_R2: 0.65293 
[ 42/500] train_loss: 0.03870 valid_loss: 0.21595 valid_MSE: 0.21710 valid_MAE: 0.23660 valid_R2: 0.67801 
[ 43/500] train_loss: 0.03595 valid_loss: 0.23287 valid_MSE: 0.23354 valid_MAE: 0.25587 valid_R2: 0.65364 
[ 44/500] train_loss: 0.03349 valid_loss: 0.21388 valid_MSE: 0.21436 valid_MAE: 0.22811 valid_R2: 0.68208 
[ 45/500] train_loss: 0.03482 valid_loss: 0.22270 valid_MSE: 0.22493 valid_MAE: 0.24115 valid_R2: 0.66640 
[ 46/500] train_loss: 0.03158 valid_loss: 0.21468 valid_MSE: 0.21444 valid_MAE: 0.23005 valid_R2: 0.68197 
[ 47/500] train_loss: 0.03232 valid_loss: 0.22448 valid_MSE: 0.22474 valid_MAE: 0.24934 valid_R2: 0.66669 
[ 48/500] train_loss: 0.03010 valid_loss: 0.20524 valid_MSE: 0.20609 valid_MAE: 0.22584 valid_R2: 0.69434 
[ 49/500] train_loss: 0.02984 valid_loss: 0.22504 valid_MSE: 0.22592 valid_MAE: 0.23120 valid_R2: 0.66493 
[ 50/500] train_loss: 0.02797 valid_loss: 0.21501 valid_MSE: 0.21508 valid_MAE: 0.23007 valid_R2: 0.68101 
[ 51/500] train_loss: 0.02938 valid_loss: 0.21761 valid_MSE: 0.21914 valid_MAE: 0.23306 valid_R2: 0.67500 
[ 52/500] train_loss: 0.02560 valid_loss: 0.20667 valid_MSE: 0.20813 valid_MAE: 0.22662 valid_R2: 0.69133 
[ 53/500] train_loss: 0.02711 valid_loss: 0.22581 valid_MSE: 0.22581 valid_MAE: 0.24392 valid_R2: 0.66511 
[ 54/500] train_loss: 0.02390 valid_loss: 0.21038 valid_MSE: 0.21156 valid_MAE: 0.22861 valid_R2: 0.68623 
[ 55/500] train_loss: 0.02343 valid_loss: 0.21933 valid_MSE: 0.22028 valid_MAE: 0.23223 valid_R2: 0.67330 
[ 56/500] train_loss: 0.02060 valid_loss: 0.20686 valid_MSE: 0.20698 valid_MAE: 0.22288 valid_R2: 0.69303 
[ 57/500] train_loss: 0.02279 valid_loss: 0.22687 valid_MSE: 0.22823 valid_MAE: 0.24222 valid_R2: 0.66151 
[ 58/500] train_loss: 0.02062 valid_loss: 0.21227 valid_MSE: 0.21385 valid_MAE: 0.22360 valid_R2: 0.68283 
[ 59/500] train_loss: 0.02256 valid_loss: 0.21767 valid_MSE: 0.21942 valid_MAE: 0.22804 valid_R2: 0.67457 
[ 60/500] train_loss: 0.01936 valid_loss: 0.20781 valid_MSE: 0.20862 valid_MAE: 0.22681 valid_R2: 0.69060 
[ 61/500] train_loss: 0.02152 valid_loss: 0.20477 valid_MSE: 0.20470 valid_MAE: 0.22828 valid_R2: 0.69641 
[ 62/500] train_loss: 0.01860 valid_loss: 0.20364 valid_MSE: 0.20468 valid_MAE: 0.22245 valid_R2: 0.69644 
[ 63/500] train_loss: 0.01952 valid_loss: 0.22043 valid_MSE: 0.22156 valid_MAE: 0.23614 valid_R2: 0.67141 
[ 64/500] train_loss: 0.01694 valid_loss: 0.20663 valid_MSE: 0.20776 valid_MAE: 0.22515 valid_R2: 0.69188 
[ 65/500] train_loss: 0.01896 valid_loss: 0.22028 valid_MSE: 0.22222 valid_MAE: 0.23108 valid_R2: 0.67042 
[ 66/500] train_loss: 0.01757 valid_loss: 0.21482 valid_MSE: 0.21630 valid_MAE: 0.22839 valid_R2: 0.67920 
[ 67/500] train_loss: 0.01837 valid_loss: 0.21493 valid_MSE: 0.21664 valid_MAE: 0.22596 valid_R2: 0.67870 
[ 68/500] train_loss: 0.01550 valid_loss: 0.20969 valid_MSE: 0.21171 valid_MAE: 0.22852 valid_R2: 0.68601 
[ 69/500] train_loss: 0.01808 valid_loss: 0.20569 valid_MSE: 0.20843 valid_MAE: 0.22765 valid_R2: 0.69087 
[ 70/500] train_loss: 0.01633 valid_loss: 0.20379 valid_MSE: 0.20531 valid_MAE: 0.22273 valid_R2: 0.69550 
[ 71/500] train_loss: 0.02061 valid_loss: 0.21361 valid_MSE: 0.21390 valid_MAE: 0.22689 valid_R2: 0.68276 
[ 72/500] train_loss: 0.01653 valid_loss: 0.21117 valid_MSE: 0.21312 valid_MAE: 0.22477 valid_R2: 0.68392 
[ 73/500] train_loss: 0.01933 valid_loss: 0.21125 valid_MSE: 0.21311 valid_MAE: 0.22970 valid_R2: 0.68394 
[ 74/500] train_loss: 0.01596 valid_loss: 0.20869 valid_MSE: 0.21023 valid_MAE: 0.22213 valid_R2: 0.68821 
[ 75/500] train_loss: 0.01828 valid_loss: 0.21240 valid_MSE: 0.21473 valid_MAE: 0.22466 valid_R2: 0.68153 
[ 76/500] train_loss: 0.01515 valid_loss: 0.20727 valid_MSE: 0.20878 valid_MAE: 0.22409 valid_R2: 0.69036 
[ 77/500] train_loss: 0.01900 valid_loss: 0.21381 valid_MSE: 0.21433 valid_MAE: 0.22845 valid_R2: 0.68213 
[ 78/500] train_loss: 0.01448 valid_loss: 0.21296 valid_MSE: 0.21233 valid_MAE: 0.22429 valid_R2: 0.68509 
[ 79/500] train_loss: 0.01737 valid_loss: 0.21314 valid_MSE: 0.21401 valid_MAE: 0.22766 valid_R2: 0.68260 
[ 80/500] train_loss: 0.01389 valid_loss: 0.21017 valid_MSE: 0.21008 valid_MAE: 0.22365 valid_R2: 0.68843 
[ 81/500] train_loss: 0.01650 valid_loss: 0.21065 valid_MSE: 0.21235 valid_MAE: 0.22454 valid_R2: 0.68506 
[ 82/500] train_loss: 0.01295 valid_loss: 0.20888 valid_MSE: 0.21049 valid_MAE: 0.22382 valid_R2: 0.68782 
[ 83/500] train_loss: 0.01530 valid_loss: 0.21201 valid_MSE: 0.21373 valid_MAE: 0.22952 valid_R2: 0.68301 
[ 84/500] train_loss: 0.01236 valid_loss: 0.20812 valid_MSE: 0.20960 valid_MAE: 0.22145 valid_R2: 0.68915 
[ 85/500] train_loss: 0.01859 valid_loss: 0.21098 valid_MSE: 0.21338 valid_MAE: 0.22506 valid_R2: 0.68354 
[ 86/500] train_loss: 0.01348 valid_loss: 0.20887 valid_MSE: 0.21106 valid_MAE: 0.22127 valid_R2: 0.68698 
[ 87/500] train_loss: 0.01798 valid_loss: 0.21201 valid_MSE: 0.21383 valid_MAE: 0.22664 valid_R2: 0.68286 
[ 88/500] train_loss: 0.01242 valid_loss: 0.21004 valid_MSE: 0.21269 valid_MAE: 0.21962 valid_R2: 0.68456 
[ 89/500] train_loss: 0.01422 valid_loss: 0.20585 valid_MSE: 0.20736 valid_MAE: 0.22250 valid_R2: 0.69246 
[ 90/500] train_loss: 0.01054 valid_loss: 0.20742 valid_MSE: 0.20933 valid_MAE: 0.22040 valid_R2: 0.68954 
[ 91/500] train_loss: 0.01459 valid_loss: 0.21165 valid_MSE: 0.21357 valid_MAE: 0.22183 valid_R2: 0.68325 
[ 92/500] train_loss: 0.01164 valid_loss: 0.21133 valid_MSE: 0.21240 valid_MAE: 0.22514 valid_R2: 0.68500 
[ 93/500] train_loss: 0.01624 valid_loss: 0.20870 valid_MSE: 0.20977 valid_MAE: 0.22253 valid_R2: 0.68889 
[ 94/500] train_loss: 0.01136 valid_loss: 0.20609 valid_MSE: 0.20822 valid_MAE: 0.22334 valid_R2: 0.69119 
[ 95/500] train_loss: 0.01374 valid_loss: 0.21013 valid_MSE: 0.21082 valid_MAE: 0.22320 valid_R2: 0.68733 
[ 96/500] train_loss: 0.00942 valid_loss: 0.20717 valid_MSE: 0.20888 valid_MAE: 0.22392 valid_R2: 0.69022 
[ 97/500] train_loss: 0.01242 valid_loss: 0.20519 valid_MSE: 0.20655 valid_MAE: 0.22365 valid_R2: 0.69367 
[ 98/500] train_loss: 0.00962 valid_loss: 0.20528 valid_MSE: 0.20714 valid_MAE: 0.21960 valid_R2: 0.69279 
[ 99/500] train_loss: 0.01553 valid_loss: 0.20943 valid_MSE: 0.21048 valid_MAE: 0.22407 valid_R2: 0.68783 
[100/500] train_loss: 0.01125 valid_loss: 0.21178 valid_MSE: 0.21267 valid_MAE: 0.22423 valid_R2: 0.68459 
[101/500] train_loss: 0.01473 valid_loss: 0.20571 valid_MSE: 0.20773 valid_MAE: 0.21977 valid_R2: 0.69191 
[102/500] train_loss: 0.00999 valid_loss: 0.20926 valid_MSE: 0.20974 valid_MAE: 0.22234 valid_R2: 0.68894 
[103/500] train_loss: 0.01329 valid_loss: 0.20391 valid_MSE: 0.20576 valid_MAE: 0.21838 valid_R2: 0.69483 
[104/500] train_loss: 0.01055 valid_loss: 0.20799 valid_MSE: 0.20981 valid_MAE: 0.22667 valid_R2: 0.68883 
[105/500] train_loss: 0.01236 valid_loss: 0.20898 valid_MSE: 0.21095 valid_MAE: 0.22391 valid_R2: 0.68714 
[106/500] train_loss: 0.00945 valid_loss: 0.21184 valid_MSE: 0.21377 valid_MAE: 0.22337 valid_R2: 0.68295 
[107/500] train_loss: 0.01445 valid_loss: 0.20587 valid_MSE: 0.20714 valid_MAE: 0.22290 valid_R2: 0.69279 
[108/500] train_loss: 0.00974 valid_loss: 0.20539 valid_MSE: 0.20781 valid_MAE: 0.22128 valid_R2: 0.69179 
[109/500] train_loss: 0.01755 valid_loss: 0.21001 valid_MSE: 0.21186 valid_MAE: 0.22250 valid_R2: 0.68580 
[110/500] train_loss: 0.01088 valid_loss: 0.20832 valid_MSE: 0.20934 valid_MAE: 0.22664 valid_R2: 0.68953 
[111/500] train_loss: 0.01340 valid_loss: 0.21123 valid_MSE: 0.21299 valid_MAE: 0.22535 valid_R2: 0.68411 
[112/500] train_loss: 0.00870 valid_loss: 0.21298 valid_MSE: 0.21258 valid_MAE: 0.22850 valid_R2: 0.68473 
Train_set--Loss:0.00921;MSE:0.00922;MAE:0.05010;R2:0.98648.
Valid_set--Loss:0.20364;MSE:0.20468;MAE:0.22245;R2:0.69644.
Test_set--Loss:0.20952;MSE:0.20953;MAE:0.22113;R2:0.67352.
************************* 第 2 折 *************************
Training...
[  1/500] train_loss: 0.58153 valid_loss: 0.51370 valid_MSE: 0.51444 valid_MAE: 0.42338 valid_R2: 0.22327 
[  2/500] train_loss: 0.43966 valid_loss: 0.42017 valid_MSE: 0.41789 valid_MAE: 0.40347 valid_R2: 0.36905 
[  3/500] train_loss: 0.40536 valid_loss: 0.42961 valid_MSE: 0.42697 valid_MAE: 0.37662 valid_R2: 0.35533 
[  4/500] train_loss: 0.39865 valid_loss: 0.39705 valid_MSE: 0.39583 valid_MAE: 0.38338 valid_R2: 0.40236 
[  5/500] train_loss: 0.37952 valid_loss: 0.41372 valid_MSE: 0.41341 valid_MAE: 0.38528 valid_R2: 0.37580 
[  6/500] train_loss: 0.37552 valid_loss: 0.37980 valid_MSE: 0.37852 valid_MAE: 0.34815 valid_R2: 0.42849 
[  7/500] train_loss: 0.35872 valid_loss: 0.39427 valid_MSE: 0.39501 valid_MAE: 0.41876 valid_R2: 0.40360 
[  8/500] train_loss: 0.34438 valid_loss: 0.35667 valid_MSE: 0.35250 valid_MAE: 0.36214 valid_R2: 0.46778 
[  9/500] train_loss: 0.31974 valid_loss: 0.37646 valid_MSE: 0.37249 valid_MAE: 0.34595 valid_R2: 0.43760 
[ 10/500] train_loss: 0.31443 valid_loss: 0.31978 valid_MSE: 0.31499 valid_MAE: 0.31871 valid_R2: 0.52442 
[ 11/500] train_loss: 0.29255 valid_loss: 0.35426 valid_MSE: 0.35230 valid_MAE: 0.35691 valid_R2: 0.46808 
[ 12/500] train_loss: 0.27946 valid_loss: 0.30266 valid_MSE: 0.29782 valid_MAE: 0.31125 valid_R2: 0.55034 
[ 13/500] train_loss: 0.26435 valid_loss: 0.31491 valid_MSE: 0.31132 valid_MAE: 0.30317 valid_R2: 0.52995 
[ 14/500] train_loss: 0.26295 valid_loss: 0.29292 valid_MSE: 0.28776 valid_MAE: 0.28560 valid_R2: 0.56552 
[ 15/500] train_loss: 0.24805 valid_loss: 0.31803 valid_MSE: 0.31468 valid_MAE: 0.31727 valid_R2: 0.52488 
[ 16/500] train_loss: 0.23244 valid_loss: 0.27678 valid_MSE: 0.27063 valid_MAE: 0.28480 valid_R2: 0.59140 
[ 17/500] train_loss: 0.22523 valid_loss: 0.28884 valid_MSE: 0.28370 valid_MAE: 0.29016 valid_R2: 0.57166 
[ 18/500] train_loss: 0.20671 valid_loss: 0.27067 valid_MSE: 0.26531 valid_MAE: 0.28144 valid_R2: 0.59942 
[ 19/500] train_loss: 0.20178 valid_loss: 0.28859 valid_MSE: 0.28684 valid_MAE: 0.30390 valid_R2: 0.56691 
[ 20/500] train_loss: 0.18471 valid_loss: 0.24756 valid_MSE: 0.24380 valid_MAE: 0.26323 valid_R2: 0.63190 
[ 21/500] train_loss: 0.16668 valid_loss: 0.27737 valid_MSE: 0.27283 valid_MAE: 0.27189 valid_R2: 0.58806 
[ 22/500] train_loss: 0.16128 valid_loss: 0.24154 valid_MSE: 0.23874 valid_MAE: 0.26802 valid_R2: 0.63954 
[ 23/500] train_loss: 0.15214 valid_loss: 0.27629 valid_MSE: 0.27056 valid_MAE: 0.28086 valid_R2: 0.59149 
[ 24/500] train_loss: 0.13777 valid_loss: 0.24108 valid_MSE: 0.23766 valid_MAE: 0.25957 valid_R2: 0.64116 
[ 25/500] train_loss: 0.12935 valid_loss: 0.29480 valid_MSE: 0.28967 valid_MAE: 0.31528 valid_R2: 0.56265 
[ 26/500] train_loss: 0.11911 valid_loss: 0.22958 valid_MSE: 0.22818 valid_MAE: 0.24544 valid_R2: 0.65548 
[ 27/500] train_loss: 0.11194 valid_loss: 0.25213 valid_MSE: 0.25013 valid_MAE: 0.27614 valid_R2: 0.62234 
[ 28/500] train_loss: 0.10077 valid_loss: 0.23327 valid_MSE: 0.22952 valid_MAE: 0.25124 valid_R2: 0.65346 
[ 29/500] train_loss: 0.09429 valid_loss: 0.24429 valid_MSE: 0.24085 valid_MAE: 0.27257 valid_R2: 0.63635 
[ 30/500] train_loss: 0.08751 valid_loss: 0.22444 valid_MSE: 0.22012 valid_MAE: 0.23874 valid_R2: 0.66766 
[ 31/500] train_loss: 0.08222 valid_loss: 0.25472 valid_MSE: 0.24980 valid_MAE: 0.25947 valid_R2: 0.62284 
[ 32/500] train_loss: 0.07782 valid_loss: 0.22892 valid_MSE: 0.22375 valid_MAE: 0.24255 valid_R2: 0.66217 
[ 33/500] train_loss: 0.07163 valid_loss: 0.24419 valid_MSE: 0.24066 valid_MAE: 0.24419 valid_R2: 0.63665 
[ 34/500] train_loss: 0.06619 valid_loss: 0.22067 valid_MSE: 0.21784 valid_MAE: 0.24506 valid_R2: 0.67110 
[ 35/500] train_loss: 0.06165 valid_loss: 0.26056 valid_MSE: 0.25926 valid_MAE: 0.25706 valid_R2: 0.60856 
[ 36/500] train_loss: 0.05984 valid_loss: 0.22057 valid_MSE: 0.21670 valid_MAE: 0.23761 valid_R2: 0.67282 
[ 37/500] train_loss: 0.05583 valid_loss: 0.23271 valid_MSE: 0.23107 valid_MAE: 0.24417 valid_R2: 0.65112 
[ 38/500] train_loss: 0.05060 valid_loss: 0.21331 valid_MSE: 0.21213 valid_MAE: 0.23414 valid_R2: 0.67971 
[ 39/500] train_loss: 0.04613 valid_loss: 0.23472 valid_MSE: 0.23267 valid_MAE: 0.24239 valid_R2: 0.64870 
[ 40/500] train_loss: 0.04337 valid_loss: 0.20920 valid_MSE: 0.20725 valid_MAE: 0.22823 valid_R2: 0.68708 
[ 41/500] train_loss: 0.04251 valid_loss: 0.22769 valid_MSE: 0.22516 valid_MAE: 0.23537 valid_R2: 0.66004 
[ 42/500] train_loss: 0.03983 valid_loss: 0.21598 valid_MSE: 0.21252 valid_MAE: 0.23340 valid_R2: 0.67912 
[ 43/500] train_loss: 0.04016 valid_loss: 0.23437 valid_MSE: 0.22888 valid_MAE: 0.23963 valid_R2: 0.65442 
[ 44/500] train_loss: 0.03775 valid_loss: 0.21143 valid_MSE: 0.20831 valid_MAE: 0.22727 valid_R2: 0.68548 
[ 45/500] train_loss: 0.03598 valid_loss: 0.22371 valid_MSE: 0.22187 valid_MAE: 0.23911 valid_R2: 0.66501 
[ 46/500] train_loss: 0.03274 valid_loss: 0.21669 valid_MSE: 0.21321 valid_MAE: 0.23005 valid_R2: 0.67809 
[ 47/500] train_loss: 0.03361 valid_loss: 0.21663 valid_MSE: 0.21561 valid_MAE: 0.23737 valid_R2: 0.67446 
[ 48/500] train_loss: 0.03070 valid_loss: 0.21875 valid_MSE: 0.21469 valid_MAE: 0.23193 valid_R2: 0.67585 
[ 49/500] train_loss: 0.03266 valid_loss: 0.22996 valid_MSE: 0.22818 valid_MAE: 0.24560 valid_R2: 0.65548 
[ 50/500] train_loss: 0.02883 valid_loss: 0.21355 valid_MSE: 0.21120 valid_MAE: 0.23232 valid_R2: 0.68112 
[ 51/500] train_loss: 0.02819 valid_loss: 0.22616 valid_MSE: 0.22429 valid_MAE: 0.24024 valid_R2: 0.66135 
[ 52/500] train_loss: 0.02544 valid_loss: 0.21282 valid_MSE: 0.20964 valid_MAE: 0.23102 valid_R2: 0.68347 
[ 53/500] train_loss: 0.02548 valid_loss: 0.22052 valid_MSE: 0.21777 valid_MAE: 0.23403 valid_R2: 0.67120 
[ 54/500] train_loss: 0.02374 valid_loss: 0.21187 valid_MSE: 0.20853 valid_MAE: 0.22708 valid_R2: 0.68515 
[ 55/500] train_loss: 0.02483 valid_loss: 0.22722 valid_MSE: 0.22385 valid_MAE: 0.24215 valid_R2: 0.66203 
[ 56/500] train_loss: 0.02272 valid_loss: 0.21244 valid_MSE: 0.20946 valid_MAE: 0.22774 valid_R2: 0.68374 
[ 57/500] train_loss: 0.02225 valid_loss: 0.21981 valid_MSE: 0.21702 valid_MAE: 0.23087 valid_R2: 0.67233 
[ 58/500] train_loss: 0.02061 valid_loss: 0.21055 valid_MSE: 0.20926 valid_MAE: 0.22711 valid_R2: 0.68405 
[ 59/500] train_loss: 0.02279 valid_loss: 0.22125 valid_MSE: 0.21848 valid_MAE: 0.23322 valid_R2: 0.67013 
[ 60/500] train_loss: 0.02022 valid_loss: 0.21645 valid_MSE: 0.21291 valid_MAE: 0.22489 valid_R2: 0.67854 
[ 61/500] train_loss: 0.02426 valid_loss: 0.23010 valid_MSE: 0.22623 valid_MAE: 0.24258 valid_R2: 0.65843 
[ 62/500] train_loss: 0.02121 valid_loss: 0.21389 valid_MSE: 0.21217 valid_MAE: 0.22748 valid_R2: 0.67966 
[ 63/500] train_loss: 0.02422 valid_loss: 0.22453 valid_MSE: 0.22119 valid_MAE: 0.23686 valid_R2: 0.66604 
[ 64/500] train_loss: 0.02120 valid_loss: 0.20926 valid_MSE: 0.20618 valid_MAE: 0.22173 valid_R2: 0.68870 
[ 65/500] train_loss: 0.02533 valid_loss: 0.23087 valid_MSE: 0.23066 valid_MAE: 0.24275 valid_R2: 0.65174 
[ 66/500] train_loss: 0.02156 valid_loss: 0.21314 valid_MSE: 0.21126 valid_MAE: 0.22525 valid_R2: 0.68103 
[ 67/500] train_loss: 0.02156 valid_loss: 0.21692 valid_MSE: 0.21495 valid_MAE: 0.23205 valid_R2: 0.67545 
[ 68/500] train_loss: 0.01731 valid_loss: 0.21111 valid_MSE: 0.20809 valid_MAE: 0.22742 valid_R2: 0.68581 
[ 69/500] train_loss: 0.01932 valid_loss: 0.21911 valid_MSE: 0.21741 valid_MAE: 0.23065 valid_R2: 0.67175 
[ 70/500] train_loss: 0.01611 valid_loss: 0.21003 valid_MSE: 0.20730 valid_MAE: 0.22823 valid_R2: 0.68700 
[ 71/500] train_loss: 0.01868 valid_loss: 0.21257 valid_MSE: 0.21041 valid_MAE: 0.22986 valid_R2: 0.68231 
[ 72/500] train_loss: 0.01545 valid_loss: 0.20973 valid_MSE: 0.20717 valid_MAE: 0.22517 valid_R2: 0.68720 
[ 73/500] train_loss: 0.01929 valid_loss: 0.22119 valid_MSE: 0.21883 valid_MAE: 0.22796 valid_R2: 0.66960 
[ 74/500] train_loss: 0.01593 valid_loss: 0.21072 valid_MSE: 0.20850 valid_MAE: 0.22293 valid_R2: 0.68520 
[ 75/500] train_loss: 0.01781 valid_loss: 0.21115 valid_MSE: 0.21017 valid_MAE: 0.22422 valid_R2: 0.68268 
[ 76/500] train_loss: 0.01450 valid_loss: 0.20551 valid_MSE: 0.20436 valid_MAE: 0.22781 valid_R2: 0.69145 
[ 77/500] train_loss: 0.01686 valid_loss: 0.22007 valid_MSE: 0.21667 valid_MAE: 0.22776 valid_R2: 0.67286 
[ 78/500] train_loss: 0.01385 valid_loss: 0.21030 valid_MSE: 0.20910 valid_MAE: 0.22362 valid_R2: 0.68429 
[ 79/500] train_loss: 0.01602 valid_loss: 0.21949 valid_MSE: 0.21796 valid_MAE: 0.23234 valid_R2: 0.67092 
[ 80/500] train_loss: 0.01320 valid_loss: 0.21772 valid_MSE: 0.21506 valid_MAE: 0.22852 valid_R2: 0.67529 
[ 81/500] train_loss: 0.01782 valid_loss: 0.22259 valid_MSE: 0.21798 valid_MAE: 0.22884 valid_R2: 0.67089 
[ 82/500] train_loss: 0.01400 valid_loss: 0.20971 valid_MSE: 0.20679 valid_MAE: 0.21939 valid_R2: 0.68777 
[ 83/500] train_loss: 0.01857 valid_loss: 0.21941 valid_MSE: 0.21653 valid_MAE: 0.22660 valid_R2: 0.67308 
[ 84/500] train_loss: 0.01449 valid_loss: 0.20838 valid_MSE: 0.20508 valid_MAE: 0.22519 valid_R2: 0.69036 
[ 85/500] train_loss: 0.01709 valid_loss: 0.21940 valid_MSE: 0.21746 valid_MAE: 0.22752 valid_R2: 0.67167 
[ 86/500] train_loss: 0.01294 valid_loss: 0.21083 valid_MSE: 0.20705 valid_MAE: 0.22411 valid_R2: 0.68739 
[ 87/500] train_loss: 0.01513 valid_loss: 0.21523 valid_MSE: 0.21193 valid_MAE: 0.22357 valid_R2: 0.68002 
[ 88/500] train_loss: 0.01122 valid_loss: 0.20790 valid_MSE: 0.20428 valid_MAE: 0.21790 valid_R2: 0.69156 
[ 89/500] train_loss: 0.01348 valid_loss: 0.20891 valid_MSE: 0.20658 valid_MAE: 0.22337 valid_R2: 0.68810 
[ 90/500] train_loss: 0.01043 valid_loss: 0.20659 valid_MSE: 0.20506 valid_MAE: 0.22477 valid_R2: 0.69039 
[ 91/500] train_loss: 0.01507 valid_loss: 0.21210 valid_MSE: 0.20864 valid_MAE: 0.22421 valid_R2: 0.68499 
[ 92/500] train_loss: 0.01081 valid_loss: 0.21104 valid_MSE: 0.20805 valid_MAE: 0.22380 valid_R2: 0.68588 
[ 93/500] train_loss: 0.01444 valid_loss: 0.21843 valid_MSE: 0.21576 valid_MAE: 0.23085 valid_R2: 0.67424 
[ 94/500] train_loss: 0.01120 valid_loss: 0.22122 valid_MSE: 0.21780 valid_MAE: 0.23081 valid_R2: 0.67115 
[ 95/500] train_loss: 0.01530 valid_loss: 0.21486 valid_MSE: 0.21328 valid_MAE: 0.22667 valid_R2: 0.67798 
[ 96/500] train_loss: 0.01093 valid_loss: 0.22364 valid_MSE: 0.22188 valid_MAE: 0.22673 valid_R2: 0.66499 
[ 97/500] train_loss: 0.01529 valid_loss: 0.21733 valid_MSE: 0.21211 valid_MAE: 0.23068 valid_R2: 0.67975 
[ 98/500] train_loss: 0.01009 valid_loss: 0.21469 valid_MSE: 0.21227 valid_MAE: 0.22483 valid_R2: 0.67950 
[ 99/500] train_loss: 0.01265 valid_loss: 0.21426 valid_MSE: 0.21079 valid_MAE: 0.22195 valid_R2: 0.68174 
[100/500] train_loss: 0.01008 valid_loss: 0.21438 valid_MSE: 0.21201 valid_MAE: 0.22758 valid_R2: 0.67990 
[101/500] train_loss: 0.01540 valid_loss: 0.21504 valid_MSE: 0.21312 valid_MAE: 0.22450 valid_R2: 0.67821 
[102/500] train_loss: 0.01051 valid_loss: 0.21212 valid_MSE: 0.20832 valid_MAE: 0.22392 valid_R2: 0.68547 
[103/500] train_loss: 0.01361 valid_loss: 0.21278 valid_MSE: 0.21100 valid_MAE: 0.22823 valid_R2: 0.68142 
[104/500] train_loss: 0.00961 valid_loss: 0.20735 valid_MSE: 0.20534 valid_MAE: 0.21854 valid_R2: 0.68997 
[105/500] train_loss: 0.01193 valid_loss: 0.21547 valid_MSE: 0.21357 valid_MAE: 0.22569 valid_R2: 0.67754 
[106/500] train_loss: 0.00907 valid_loss: 0.21397 valid_MSE: 0.21007 valid_MAE: 0.22445 valid_R2: 0.68283 
[107/500] train_loss: 0.01323 valid_loss: 0.21422 valid_MSE: 0.21202 valid_MAE: 0.22574 valid_R2: 0.67988 
[108/500] train_loss: 0.01060 valid_loss: 0.21832 valid_MSE: 0.21506 valid_MAE: 0.23294 valid_R2: 0.67530 
[109/500] train_loss: 0.01728 valid_loss: 0.21756 valid_MSE: 0.21483 valid_MAE: 0.22630 valid_R2: 0.67564 
[110/500] train_loss: 0.01053 valid_loss: 0.21812 valid_MSE: 0.21550 valid_MAE: 0.22540 valid_R2: 0.67463 
[111/500] train_loss: 0.01474 valid_loss: 0.21145 valid_MSE: 0.20870 valid_MAE: 0.22013 valid_R2: 0.68490 
[112/500] train_loss: 0.00910 valid_loss: 0.21583 valid_MSE: 0.21373 valid_MAE: 0.22532 valid_R2: 0.67729 
[113/500] train_loss: 0.01019 valid_loss: 0.21085 valid_MSE: 0.20884 valid_MAE: 0.22277 valid_R2: 0.68469 
[114/500] train_loss: 0.00826 valid_loss: 0.22133 valid_MSE: 0.21936 valid_MAE: 0.23191 valid_R2: 0.66880 
[115/500] train_loss: 0.01107 valid_loss: 0.21330 valid_MSE: 0.21150 valid_MAE: 0.22194 valid_R2: 0.68067 
[116/500] train_loss: 0.00796 valid_loss: 0.21691 valid_MSE: 0.21651 valid_MAE: 0.22204 valid_R2: 0.67310 
[117/500] train_loss: 0.01085 valid_loss: 0.21104 valid_MSE: 0.20844 valid_MAE: 0.22146 valid_R2: 0.68529 
[118/500] train_loss: 0.00777 valid_loss: 0.21785 valid_MSE: 0.21427 valid_MAE: 0.21911 valid_R2: 0.67649 
[119/500] train_loss: 0.01076 valid_loss: 0.21314 valid_MSE: 0.21010 valid_MAE: 0.22211 valid_R2: 0.68277 
[120/500] train_loss: 0.00782 valid_loss: 0.22590 valid_MSE: 0.22533 valid_MAE: 0.23080 valid_R2: 0.65978 
[121/500] train_loss: 0.01687 valid_loss: 0.21759 valid_MSE: 0.21502 valid_MAE: 0.22930 valid_R2: 0.67536 
[122/500] train_loss: 0.00915 valid_loss: 0.21318 valid_MSE: 0.21156 valid_MAE: 0.22354 valid_R2: 0.68057 
[123/500] train_loss: 0.01151 valid_loss: 0.21138 valid_MSE: 0.20818 valid_MAE: 0.22161 valid_R2: 0.68568 
[124/500] train_loss: 0.00824 valid_loss: 0.21903 valid_MSE: 0.21506 valid_MAE: 0.23578 valid_R2: 0.67528 
[125/500] train_loss: 0.01649 valid_loss: 0.21353 valid_MSE: 0.21281 valid_MAE: 0.22311 valid_R2: 0.67869 
[126/500] train_loss: 0.00881 valid_loss: 0.21466 valid_MSE: 0.21134 valid_MAE: 0.22632 valid_R2: 0.68090 
[127/500] train_loss: 0.01045 valid_loss: 0.21106 valid_MSE: 0.20860 valid_MAE: 0.22117 valid_R2: 0.68504 
[128/500] train_loss: 0.00722 valid_loss: 0.21234 valid_MSE: 0.20949 valid_MAE: 0.22404 valid_R2: 0.68370 
[129/500] train_loss: 0.00896 valid_loss: 0.21045 valid_MSE: 0.20655 valid_MAE: 0.22012 valid_R2: 0.68814 
[130/500] train_loss: 0.00668 valid_loss: 0.22446 valid_MSE: 0.22082 valid_MAE: 0.22478 valid_R2: 0.66659 
[131/500] train_loss: 0.00913 valid_loss: 0.21494 valid_MSE: 0.21170 valid_MAE: 0.22183 valid_R2: 0.68037 
[132/500] train_loss: 0.00628 valid_loss: 0.21481 valid_MSE: 0.21327 valid_MAE: 0.22340 valid_R2: 0.67799 
[133/500] train_loss: 0.00797 valid_loss: 0.21112 valid_MSE: 0.20896 valid_MAE: 0.22149 valid_R2: 0.68450 
[134/500] train_loss: 0.00606 valid_loss: 0.21498 valid_MSE: 0.21316 valid_MAE: 0.22384 valid_R2: 0.67816 
[135/500] train_loss: 0.00703 valid_loss: 0.20950 valid_MSE: 0.20746 valid_MAE: 0.21710 valid_R2: 0.68677 
[136/500] train_loss: 0.00581 valid_loss: 0.21282 valid_MSE: 0.21052 valid_MAE: 0.22498 valid_R2: 0.68215 
[137/500] train_loss: 0.00772 valid_loss: 0.20498 valid_MSE: 0.20302 valid_MAE: 0.21551 valid_R2: 0.69347 
[138/500] train_loss: 0.00586 valid_loss: 0.21283 valid_MSE: 0.21150 valid_MAE: 0.22032 valid_R2: 0.68067 
[139/500] train_loss: 0.00795 valid_loss: 0.21725 valid_MSE: 0.21466 valid_MAE: 0.22249 valid_R2: 0.67590 
[140/500] train_loss: 0.00669 valid_loss: 0.21457 valid_MSE: 0.21238 valid_MAE: 0.22392 valid_R2: 0.67934 
[141/500] train_loss: 0.01031 valid_loss: 0.20724 valid_MSE: 0.20526 valid_MAE: 0.21830 valid_R2: 0.69008 
[142/500] train_loss: 0.00715 valid_loss: 0.22058 valid_MSE: 0.21838 valid_MAE: 0.22963 valid_R2: 0.67027 
[143/500] train_loss: 0.01085 valid_loss: 0.21292 valid_MSE: 0.20978 valid_MAE: 0.21911 valid_R2: 0.68326 
[144/500] train_loss: 0.00822 valid_loss: 0.22598 valid_MSE: 0.22252 valid_MAE: 0.22990 valid_R2: 0.66403 
[145/500] train_loss: 0.01008 valid_loss: 0.21539 valid_MSE: 0.21293 valid_MAE: 0.22163 valid_R2: 0.67851 
[146/500] train_loss: 0.00608 valid_loss: 0.22432 valid_MSE: 0.21873 valid_MAE: 0.22564 valid_R2: 0.66975 
[147/500] train_loss: 0.00760 valid_loss: 0.21018 valid_MSE: 0.20718 valid_MAE: 0.21874 valid_R2: 0.68719 
[148/500] train_loss: 0.00573 valid_loss: 0.22140 valid_MSE: 0.21740 valid_MAE: 0.22742 valid_R2: 0.67175 
[149/500] train_loss: 0.00713 valid_loss: 0.21230 valid_MSE: 0.20942 valid_MAE: 0.21919 valid_R2: 0.68381 
[150/500] train_loss: 0.00593 valid_loss: 0.21430 valid_MSE: 0.21167 valid_MAE: 0.21662 valid_R2: 0.68041 
[151/500] train_loss: 0.00735 valid_loss: 0.21365 valid_MSE: 0.21049 valid_MAE: 0.21846 valid_R2: 0.68218 
[152/500] train_loss: 0.00636 valid_loss: 0.22060 valid_MSE: 0.21610 valid_MAE: 0.23269 valid_R2: 0.67372 
[153/500] train_loss: 0.00957 valid_loss: 0.21987 valid_MSE: 0.21720 valid_MAE: 0.22268 valid_R2: 0.67206 
[154/500] train_loss: 0.00629 valid_loss: 0.21909 valid_MSE: 0.21672 valid_MAE: 0.22095 valid_R2: 0.67278 
[155/500] train_loss: 0.00774 valid_loss: 0.21146 valid_MSE: 0.20910 valid_MAE: 0.21945 valid_R2: 0.68429 
[156/500] train_loss: 0.00577 valid_loss: 0.22684 valid_MSE: 0.22474 valid_MAE: 0.23122 valid_R2: 0.66068 
[157/500] train_loss: 0.00662 valid_loss: 0.21116 valid_MSE: 0.20809 valid_MAE: 0.21899 valid_R2: 0.68582 
[158/500] train_loss: 0.00584 valid_loss: 0.21874 valid_MSE: 0.21538 valid_MAE: 0.22206 valid_R2: 0.67481 
[159/500] train_loss: 0.00737 valid_loss: 0.21209 valid_MSE: 0.20905 valid_MAE: 0.22147 valid_R2: 0.68436 
[160/500] train_loss: 0.00589 valid_loss: 0.21298 valid_MSE: 0.21147 valid_MAE: 0.22068 valid_R2: 0.68072 
[161/500] train_loss: 0.00733 valid_loss: 0.21009 valid_MSE: 0.20785 valid_MAE: 0.21479 valid_R2: 0.68618 
[162/500] train_loss: 0.00670 valid_loss: 0.21127 valid_MSE: 0.20807 valid_MAE: 0.22016 valid_R2: 0.68584 
[163/500] train_loss: 0.00767 valid_loss: 0.21513 valid_MSE: 0.21191 valid_MAE: 0.22004 valid_R2: 0.68005 
[164/500] train_loss: 0.00708 valid_loss: 0.22154 valid_MSE: 0.21953 valid_MAE: 0.22540 valid_R2: 0.66854 
[165/500] train_loss: 0.00951 valid_loss: 0.21353 valid_MSE: 0.21051 valid_MAE: 0.22163 valid_R2: 0.68215 
[166/500] train_loss: 0.00625 valid_loss: 0.21825 valid_MSE: 0.21549 valid_MAE: 0.21969 valid_R2: 0.67464 
[167/500] train_loss: 0.00800 valid_loss: 0.21223 valid_MSE: 0.20972 valid_MAE: 0.21852 valid_R2: 0.68335 
[168/500] train_loss: 0.00730 valid_loss: 0.21797 valid_MSE: 0.21700 valid_MAE: 0.22974 valid_R2: 0.67237 
[169/500] train_loss: 0.00791 valid_loss: 0.21278 valid_MSE: 0.21143 valid_MAE: 0.21920 valid_R2: 0.68077 
[170/500] train_loss: 0.00611 valid_loss: 0.22915 valid_MSE: 0.22561 valid_MAE: 0.22951 valid_R2: 0.65935 
[171/500] train_loss: 0.00697 valid_loss: 0.21546 valid_MSE: 0.21259 valid_MAE: 0.22004 valid_R2: 0.67901 
[172/500] train_loss: 0.00561 valid_loss: 0.21429 valid_MSE: 0.21165 valid_MAE: 0.22136 valid_R2: 0.68043 
[173/500] train_loss: 0.00560 valid_loss: 0.21014 valid_MSE: 0.20688 valid_MAE: 0.21841 valid_R2: 0.68765 
[174/500] train_loss: 0.00485 valid_loss: 0.21737 valid_MSE: 0.21492 valid_MAE: 0.22195 valid_R2: 0.67550 
[175/500] train_loss: 0.00511 valid_loss: 0.21286 valid_MSE: 0.20963 valid_MAE: 0.21845 valid_R2: 0.68349 
[176/500] train_loss: 0.00486 valid_loss: 0.21132 valid_MSE: 0.21023 valid_MAE: 0.22053 valid_R2: 0.68259 
[177/500] train_loss: 0.00500 valid_loss: 0.21291 valid_MSE: 0.21068 valid_MAE: 0.21657 valid_R2: 0.68190 
[178/500] train_loss: 0.00419 valid_loss: 0.20773 valid_MSE: 0.20583 valid_MAE: 0.21439 valid_R2: 0.68922 
[179/500] train_loss: 0.00440 valid_loss: 0.20937 valid_MSE: 0.20716 valid_MAE: 0.21702 valid_R2: 0.68722 
[180/500] train_loss: 0.00460 valid_loss: 0.21662 valid_MSE: 0.21543 valid_MAE: 0.21957 valid_R2: 0.67473 
[181/500] train_loss: 0.00479 valid_loss: 0.21317 valid_MSE: 0.21056 valid_MAE: 0.21973 valid_R2: 0.68209 
[182/500] train_loss: 0.00464 valid_loss: 0.22051 valid_MSE: 0.21751 valid_MAE: 0.22155 valid_R2: 0.67159 
[183/500] train_loss: 0.00495 valid_loss: 0.21751 valid_MSE: 0.21442 valid_MAE: 0.21723 valid_R2: 0.67626 
[184/500] train_loss: 0.00527 valid_loss: 0.21527 valid_MSE: 0.21404 valid_MAE: 0.21976 valid_R2: 0.67683 
[185/500] train_loss: 0.00667 valid_loss: 0.20712 valid_MSE: 0.20522 valid_MAE: 0.21603 valid_R2: 0.69014 
[186/500] train_loss: 0.00526 valid_loss: 0.21882 valid_MSE: 0.21582 valid_MAE: 0.22178 valid_R2: 0.67414 
[187/500] train_loss: 0.00530 valid_loss: 0.21640 valid_MSE: 0.21186 valid_MAE: 0.21940 valid_R2: 0.68012 
Train_set--Loss:0.00303;MSE:0.00303;MAE:0.02579;R2:0.99539.
Valid_set--Loss:0.20498;MSE:0.20302;MAE:0.21551;R2:0.69347.
Test_set--Loss:0.20797;MSE:0.20796;MAE:0.22214;R2:0.71512.
************************* 第 3 折 *************************
Training...
[  1/500] train_loss: 0.59865 valid_loss: 0.49407 valid_MSE: 0.48851 valid_MAE: 0.48636 valid_R2: 0.29163 
[  2/500] train_loss: 0.44180 valid_loss: 0.43957 valid_MSE: 0.43360 valid_MAE: 0.41599 valid_R2: 0.37126 
[  3/500] train_loss: 0.43160 valid_loss: 0.51345 valid_MSE: 0.51075 valid_MAE: 0.54443 valid_R2: 0.25937 
[  4/500] train_loss: 0.40899 valid_loss: 0.42143 valid_MSE: 0.41400 valid_MAE: 0.40588 valid_R2: 0.39967 
[  5/500] train_loss: 0.38616 valid_loss: 0.44702 valid_MSE: 0.43723 valid_MAE: 0.44845 valid_R2: 0.36598 
[  6/500] train_loss: 0.37023 valid_loss: 0.38567 valid_MSE: 0.38105 valid_MAE: 0.36861 valid_R2: 0.44745 
[  7/500] train_loss: 0.35230 valid_loss: 0.42071 valid_MSE: 0.40684 valid_MAE: 0.41200 valid_R2: 0.41006 
[  8/500] train_loss: 0.34436 valid_loss: 0.36005 valid_MSE: 0.35357 valid_MAE: 0.35287 valid_R2: 0.48729 
[  9/500] train_loss: 0.31513 valid_loss: 0.39357 valid_MSE: 0.38520 valid_MAE: 0.40198 valid_R2: 0.44143 
[ 10/500] train_loss: 0.31037 valid_loss: 0.33641 valid_MSE: 0.32913 valid_MAE: 0.34174 valid_R2: 0.52275 
[ 11/500] train_loss: 0.28353 valid_loss: 0.37511 valid_MSE: 0.35745 valid_MAE: 0.35330 valid_R2: 0.48168 
[ 12/500] train_loss: 0.27943 valid_loss: 0.31788 valid_MSE: 0.30851 valid_MAE: 0.33014 valid_R2: 0.55265 
[ 13/500] train_loss: 0.25829 valid_loss: 0.36928 valid_MSE: 0.35881 valid_MAE: 0.30595 valid_R2: 0.47971 
[ 14/500] train_loss: 0.25013 valid_loss: 0.30364 valid_MSE: 0.29722 valid_MAE: 0.30367 valid_R2: 0.56901 
[ 15/500] train_loss: 0.22999 valid_loss: 0.33068 valid_MSE: 0.32741 valid_MAE: 0.31716 valid_R2: 0.52523 
[ 16/500] train_loss: 0.22389 valid_loss: 0.29124 valid_MSE: 0.28231 valid_MAE: 0.30382 valid_R2: 0.59063 
[ 17/500] train_loss: 0.20513 valid_loss: 0.31841 valid_MSE: 0.31141 valid_MAE: 0.30515 valid_R2: 0.54843 
[ 18/500] train_loss: 0.19651 valid_loss: 0.28515 valid_MSE: 0.27391 valid_MAE: 0.29226 valid_R2: 0.60281 
[ 19/500] train_loss: 0.18387 valid_loss: 0.33023 valid_MSE: 0.31435 valid_MAE: 0.34072 valid_R2: 0.54418 
[ 20/500] train_loss: 0.17211 valid_loss: 0.27926 valid_MSE: 0.26716 valid_MAE: 0.27564 valid_R2: 0.61259 
[ 21/500] train_loss: 0.15748 valid_loss: 0.31094 valid_MSE: 0.29617 valid_MAE: 0.29506 valid_R2: 0.57053 
[ 22/500] train_loss: 0.14779 valid_loss: 0.26623 valid_MSE: 0.25745 valid_MAE: 0.26806 valid_R2: 0.62668 
[ 23/500] train_loss: 0.14100 valid_loss: 0.29382 valid_MSE: 0.29354 valid_MAE: 0.30383 valid_R2: 0.57434 
[ 24/500] train_loss: 0.13344 valid_loss: 0.26889 valid_MSE: 0.26085 valid_MAE: 0.26508 valid_R2: 0.62175 
[ 25/500] train_loss: 0.12258 valid_loss: 0.29695 valid_MSE: 0.28936 valid_MAE: 0.28379 valid_R2: 0.58041 
[ 26/500] train_loss: 0.11819 valid_loss: 0.26368 valid_MSE: 0.25489 valid_MAE: 0.26100 valid_R2: 0.63040 
[ 27/500] train_loss: 0.11408 valid_loss: 0.26882 valid_MSE: 0.26402 valid_MAE: 0.28671 valid_R2: 0.61715 
[ 28/500] train_loss: 0.10502 valid_loss: 0.24852 valid_MSE: 0.24518 valid_MAE: 0.25578 valid_R2: 0.64447 
[ 29/500] train_loss: 0.09749 valid_loss: 0.25951 valid_MSE: 0.25831 valid_MAE: 0.26976 valid_R2: 0.62543 
[ 30/500] train_loss: 0.09011 valid_loss: 0.24819 valid_MSE: 0.24224 valid_MAE: 0.25172 valid_R2: 0.64874 
[ 31/500] train_loss: 0.08457 valid_loss: 0.26357 valid_MSE: 0.25413 valid_MAE: 0.25977 valid_R2: 0.63149 
[ 32/500] train_loss: 0.07821 valid_loss: 0.24935 valid_MSE: 0.24348 valid_MAE: 0.26023 valid_R2: 0.64693 
[ 33/500] train_loss: 0.07375 valid_loss: 0.25603 valid_MSE: 0.25244 valid_MAE: 0.26782 valid_R2: 0.63395 
[ 34/500] train_loss: 0.07075 valid_loss: 0.24082 valid_MSE: 0.23879 valid_MAE: 0.26882 valid_R2: 0.65374 
[ 35/500] train_loss: 0.06947 valid_loss: 0.25432 valid_MSE: 0.25084 valid_MAE: 0.26218 valid_R2: 0.63626 
[ 36/500] train_loss: 0.06324 valid_loss: 0.24197 valid_MSE: 0.23604 valid_MAE: 0.25150 valid_R2: 0.65773 
[ 37/500] train_loss: 0.06201 valid_loss: 0.26094 valid_MSE: 0.25838 valid_MAE: 0.27551 valid_R2: 0.62533 
[ 38/500] train_loss: 0.05622 valid_loss: 0.23936 valid_MSE: 0.23376 valid_MAE: 0.25281 valid_R2: 0.66103 
[ 39/500] train_loss: 0.05274 valid_loss: 0.26392 valid_MSE: 0.25538 valid_MAE: 0.26518 valid_R2: 0.62968 
[ 40/500] train_loss: 0.04950 valid_loss: 0.24591 valid_MSE: 0.23691 valid_MAE: 0.24750 valid_R2: 0.65647 
[ 41/500] train_loss: 0.04837 valid_loss: 0.25134 valid_MSE: 0.24567 valid_MAE: 0.26172 valid_R2: 0.64376 
[ 42/500] train_loss: 0.04548 valid_loss: 0.22998 valid_MSE: 0.22490 valid_MAE: 0.24996 valid_R2: 0.67387 
[ 43/500] train_loss: 0.04372 valid_loss: 0.25906 valid_MSE: 0.24983 valid_MAE: 0.26651 valid_R2: 0.63773 
[ 44/500] train_loss: 0.03705 valid_loss: 0.23176 valid_MSE: 0.22568 valid_MAE: 0.24464 valid_R2: 0.67275 
[ 45/500] train_loss: 0.03885 valid_loss: 0.24175 valid_MSE: 0.23516 valid_MAE: 0.24939 valid_R2: 0.65900 
[ 46/500] train_loss: 0.03420 valid_loss: 0.23103 valid_MSE: 0.22656 valid_MAE: 0.24145 valid_R2: 0.67147 
[ 47/500] train_loss: 0.03679 valid_loss: 0.24248 valid_MSE: 0.23571 valid_MAE: 0.25493 valid_R2: 0.65820 
[ 48/500] train_loss: 0.03235 valid_loss: 0.22900 valid_MSE: 0.22392 valid_MAE: 0.24105 valid_R2: 0.67529 
[ 49/500] train_loss: 0.03108 valid_loss: 0.24384 valid_MSE: 0.23798 valid_MAE: 0.25693 valid_R2: 0.65491 
[ 50/500] train_loss: 0.02707 valid_loss: 0.22946 valid_MSE: 0.22315 valid_MAE: 0.24031 valid_R2: 0.67642 
[ 51/500] train_loss: 0.02663 valid_loss: 0.24267 valid_MSE: 0.23910 valid_MAE: 0.25512 valid_R2: 0.65329 
[ 52/500] train_loss: 0.02601 valid_loss: 0.22680 valid_MSE: 0.22195 valid_MAE: 0.23688 valid_R2: 0.67815 
[ 53/500] train_loss: 0.02851 valid_loss: 0.25249 valid_MSE: 0.24511 valid_MAE: 0.25092 valid_R2: 0.64457 
[ 54/500] train_loss: 0.02684 valid_loss: 0.22744 valid_MSE: 0.22332 valid_MAE: 0.23825 valid_R2: 0.67617 
[ 55/500] train_loss: 0.02736 valid_loss: 0.23520 valid_MSE: 0.23368 valid_MAE: 0.24430 valid_R2: 0.66115 
[ 56/500] train_loss: 0.02227 valid_loss: 0.22737 valid_MSE: 0.22555 valid_MAE: 0.23875 valid_R2: 0.67294 
[ 57/500] train_loss: 0.02434 valid_loss: 0.24623 valid_MSE: 0.24238 valid_MAE: 0.24576 valid_R2: 0.64853 
[ 58/500] train_loss: 0.02090 valid_loss: 0.23069 valid_MSE: 0.22773 valid_MAE: 0.23743 valid_R2: 0.66978 
[ 59/500] train_loss: 0.02459 valid_loss: 0.23887 valid_MSE: 0.23837 valid_MAE: 0.24726 valid_R2: 0.65434 
[ 60/500] train_loss: 0.02050 valid_loss: 0.22547 valid_MSE: 0.22163 valid_MAE: 0.23527 valid_R2: 0.67862 
[ 61/500] train_loss: 0.02165 valid_loss: 0.23153 valid_MSE: 0.23092 valid_MAE: 0.24913 valid_R2: 0.66515 
[ 62/500] train_loss: 0.02013 valid_loss: 0.23263 valid_MSE: 0.22804 valid_MAE: 0.23788 valid_R2: 0.66933 
[ 63/500] train_loss: 0.02183 valid_loss: 0.24103 valid_MSE: 0.23747 valid_MAE: 0.24752 valid_R2: 0.65565 
[ 64/500] train_loss: 0.01831 valid_loss: 0.22686 valid_MSE: 0.22413 valid_MAE: 0.23580 valid_R2: 0.67500 
[ 65/500] train_loss: 0.02124 valid_loss: 0.23850 valid_MSE: 0.23236 valid_MAE: 0.24519 valid_R2: 0.66307 
[ 66/500] train_loss: 0.01850 valid_loss: 0.22998 valid_MSE: 0.22600 valid_MAE: 0.23400 valid_R2: 0.67228 
[ 67/500] train_loss: 0.01862 valid_loss: 0.23793 valid_MSE: 0.23535 valid_MAE: 0.24115 valid_R2: 0.65873 
[ 68/500] train_loss: 0.01704 valid_loss: 0.23138 valid_MSE: 0.22687 valid_MAE: 0.23408 valid_R2: 0.67102 
[ 69/500] train_loss: 0.01872 valid_loss: 0.23252 valid_MSE: 0.23058 valid_MAE: 0.24416 valid_R2: 0.66564 
[ 70/500] train_loss: 0.01668 valid_loss: 0.23157 valid_MSE: 0.22610 valid_MAE: 0.23713 valid_R2: 0.67214 
[ 71/500] train_loss: 0.02056 valid_loss: 0.23493 valid_MSE: 0.23063 valid_MAE: 0.23715 valid_R2: 0.66558 
[ 72/500] train_loss: 0.01550 valid_loss: 0.22652 valid_MSE: 0.22362 valid_MAE: 0.23495 valid_R2: 0.67573 
[ 73/500] train_loss: 0.02037 valid_loss: 0.23186 valid_MSE: 0.22968 valid_MAE: 0.24220 valid_R2: 0.66695 
[ 74/500] train_loss: 0.01647 valid_loss: 0.22762 valid_MSE: 0.22295 valid_MAE: 0.23753 valid_R2: 0.67670 
[ 75/500] train_loss: 0.02059 valid_loss: 0.23398 valid_MSE: 0.23007 valid_MAE: 0.23786 valid_R2: 0.66638 
[ 76/500] train_loss: 0.01495 valid_loss: 0.22763 valid_MSE: 0.22465 valid_MAE: 0.23541 valid_R2: 0.67425 
[ 77/500] train_loss: 0.01829 valid_loss: 0.23156 valid_MSE: 0.22519 valid_MAE: 0.23456 valid_R2: 0.67346 
[ 78/500] train_loss: 0.01376 valid_loss: 0.23260 valid_MSE: 0.22845 valid_MAE: 0.22995 valid_R2: 0.66874 
[ 79/500] train_loss: 0.01906 valid_loss: 0.22275 valid_MSE: 0.22024 valid_MAE: 0.23077 valid_R2: 0.68063 
[ 80/500] train_loss: 0.01426 valid_loss: 0.22149 valid_MSE: 0.21829 valid_MAE: 0.22996 valid_R2: 0.68346 
[ 81/500] train_loss: 0.01855 valid_loss: 0.23045 valid_MSE: 0.22756 valid_MAE: 0.23885 valid_R2: 0.67003 
[ 82/500] train_loss: 0.01387 valid_loss: 0.22857 valid_MSE: 0.22406 valid_MAE: 0.23763 valid_R2: 0.67510 
[ 83/500] train_loss: 0.01897 valid_loss: 0.23082 valid_MSE: 0.22977 valid_MAE: 0.23969 valid_R2: 0.66682 
[ 84/500] train_loss: 0.01514 valid_loss: 0.22807 valid_MSE: 0.22466 valid_MAE: 0.23350 valid_R2: 0.67422 
[ 85/500] train_loss: 0.01710 valid_loss: 0.23750 valid_MSE: 0.23435 valid_MAE: 0.24023 valid_R2: 0.66017 
[ 86/500] train_loss: 0.01282 valid_loss: 0.22376 valid_MSE: 0.22063 valid_MAE: 0.23104 valid_R2: 0.68007 
[ 87/500] train_loss: 0.01511 valid_loss: 0.22317 valid_MSE: 0.22060 valid_MAE: 0.23300 valid_R2: 0.68012 
[ 88/500] train_loss: 0.01205 valid_loss: 0.22546 valid_MSE: 0.22081 valid_MAE: 0.23563 valid_R2: 0.67982 
[ 89/500] train_loss: 0.01511 valid_loss: 0.23232 valid_MSE: 0.22795 valid_MAE: 0.23152 valid_R2: 0.66946 
[ 90/500] train_loss: 0.01145 valid_loss: 0.23303 valid_MSE: 0.22708 valid_MAE: 0.22870 valid_R2: 0.67071 
[ 91/500] train_loss: 0.01636 valid_loss: 0.22892 valid_MSE: 0.22666 valid_MAE: 0.23706 valid_R2: 0.67132 
[ 92/500] train_loss: 0.01177 valid_loss: 0.22141 valid_MSE: 0.21910 valid_MAE: 0.23073 valid_R2: 0.68228 
[ 93/500] train_loss: 0.01806 valid_loss: 0.23094 valid_MSE: 0.22980 valid_MAE: 0.24109 valid_R2: 0.66678 
[ 94/500] train_loss: 0.01233 valid_loss: 0.23823 valid_MSE: 0.23130 valid_MAE: 0.23753 valid_R2: 0.66460 
[ 95/500] train_loss: 0.01967 valid_loss: 0.24171 valid_MSE: 0.23664 valid_MAE: 0.23597 valid_R2: 0.65686 
[ 96/500] train_loss: 0.01228 valid_loss: 0.23129 valid_MSE: 0.22848 valid_MAE: 0.23694 valid_R2: 0.66869 
[ 97/500] train_loss: 0.01563 valid_loss: 0.22734 valid_MSE: 0.22366 valid_MAE: 0.23286 valid_R2: 0.67568 
[ 98/500] train_loss: 0.01090 valid_loss: 0.23333 valid_MSE: 0.23010 valid_MAE: 0.23432 valid_R2: 0.66633 
[ 99/500] train_loss: 0.01365 valid_loss: 0.22559 valid_MSE: 0.22086 valid_MAE: 0.23396 valid_R2: 0.67973 
[100/500] train_loss: 0.00985 valid_loss: 0.22685 valid_MSE: 0.22177 valid_MAE: 0.23255 valid_R2: 0.67843 
[101/500] train_loss: 0.01174 valid_loss: 0.22139 valid_MSE: 0.21887 valid_MAE: 0.23165 valid_R2: 0.68262 
[102/500] train_loss: 0.00874 valid_loss: 0.22261 valid_MSE: 0.22119 valid_MAE: 0.23356 valid_R2: 0.67926 
[103/500] train_loss: 0.01259 valid_loss: 0.22164 valid_MSE: 0.22001 valid_MAE: 0.23011 valid_R2: 0.68096 
[104/500] train_loss: 0.00928 valid_loss: 0.22140 valid_MSE: 0.21908 valid_MAE: 0.23003 valid_R2: 0.68232 
[105/500] train_loss: 0.01369 valid_loss: 0.22505 valid_MSE: 0.22224 valid_MAE: 0.23031 valid_R2: 0.67773 
[106/500] train_loss: 0.00962 valid_loss: 0.22339 valid_MSE: 0.22160 valid_MAE: 0.23976 valid_R2: 0.67867 
[107/500] train_loss: 0.01379 valid_loss: 0.22250 valid_MSE: 0.21921 valid_MAE: 0.22870 valid_R2: 0.68212 
[108/500] train_loss: 0.00911 valid_loss: 0.22195 valid_MSE: 0.21958 valid_MAE: 0.22769 valid_R2: 0.68160 
[109/500] train_loss: 0.01490 valid_loss: 0.22721 valid_MSE: 0.22456 valid_MAE: 0.22792 valid_R2: 0.67438 
[110/500] train_loss: 0.01019 valid_loss: 0.22534 valid_MSE: 0.22281 valid_MAE: 0.23155 valid_R2: 0.67691 
[111/500] train_loss: 0.01296 valid_loss: 0.21923 valid_MSE: 0.21793 valid_MAE: 0.22861 valid_R2: 0.68398 
[112/500] train_loss: 0.00861 valid_loss: 0.23284 valid_MSE: 0.23004 valid_MAE: 0.23989 valid_R2: 0.66643 
[113/500] train_loss: 0.01478 valid_loss: 0.22657 valid_MSE: 0.22316 valid_MAE: 0.23106 valid_R2: 0.67641 
[114/500] train_loss: 0.00982 valid_loss: 0.23326 valid_MSE: 0.22775 valid_MAE: 0.23376 valid_R2: 0.66975 
[115/500] train_loss: 0.01464 valid_loss: 0.21639 valid_MSE: 0.21495 valid_MAE: 0.22817 valid_R2: 0.68831 
[116/500] train_loss: 0.00927 valid_loss: 0.21979 valid_MSE: 0.21710 valid_MAE: 0.23143 valid_R2: 0.68519 
[117/500] train_loss: 0.01292 valid_loss: 0.22343 valid_MSE: 0.22101 valid_MAE: 0.22952 valid_R2: 0.67952 
[118/500] train_loss: 0.00917 valid_loss: 0.22591 valid_MSE: 0.22367 valid_MAE: 0.23541 valid_R2: 0.67566 
[119/500] train_loss: 0.01897 valid_loss: 0.22139 valid_MSE: 0.22094 valid_MAE: 0.22832 valid_R2: 0.67963 
[120/500] train_loss: 0.01083 valid_loss: 0.23299 valid_MSE: 0.22918 valid_MAE: 0.23669 valid_R2: 0.66768 
[121/500] train_loss: 0.01645 valid_loss: 0.22434 valid_MSE: 0.22283 valid_MAE: 0.22977 valid_R2: 0.67689 
[122/500] train_loss: 0.00909 valid_loss: 0.22071 valid_MSE: 0.21872 valid_MAE: 0.22827 valid_R2: 0.68283 
[123/500] train_loss: 0.01072 valid_loss: 0.21872 valid_MSE: 0.21887 valid_MAE: 0.22830 valid_R2: 0.68263 
[124/500] train_loss: 0.00672 valid_loss: 0.22366 valid_MSE: 0.22346 valid_MAE: 0.22713 valid_R2: 0.67596 
[125/500] train_loss: 0.00883 valid_loss: 0.21865 valid_MSE: 0.21709 valid_MAE: 0.22444 valid_R2: 0.68521 
[126/500] train_loss: 0.00699 valid_loss: 0.21594 valid_MSE: 0.21524 valid_MAE: 0.22688 valid_R2: 0.68789 
[127/500] train_loss: 0.00877 valid_loss: 0.22176 valid_MSE: 0.22046 valid_MAE: 0.22871 valid_R2: 0.68032 
[128/500] train_loss: 0.00642 valid_loss: 0.22406 valid_MSE: 0.22141 valid_MAE: 0.22824 valid_R2: 0.67893 
[129/500] train_loss: 0.00902 valid_loss: 0.21952 valid_MSE: 0.21773 valid_MAE: 0.22556 valid_R2: 0.68427 
[130/500] train_loss: 0.00690 valid_loss: 0.21514 valid_MSE: 0.21363 valid_MAE: 0.22409 valid_R2: 0.69022 
[131/500] train_loss: 0.00848 valid_loss: 0.21973 valid_MSE: 0.21797 valid_MAE: 0.22584 valid_R2: 0.68393 
[132/500] train_loss: 0.00686 valid_loss: 0.21982 valid_MSE: 0.21937 valid_MAE: 0.22845 valid_R2: 0.68190 
[133/500] train_loss: 0.00975 valid_loss: 0.22673 valid_MSE: 0.22524 valid_MAE: 0.22981 valid_R2: 0.67338 
[134/500] train_loss: 0.00714 valid_loss: 0.22868 valid_MSE: 0.22680 valid_MAE: 0.23593 valid_R2: 0.67113 
[135/500] train_loss: 0.00987 valid_loss: 0.21965 valid_MSE: 0.21862 valid_MAE: 0.22843 valid_R2: 0.68299 
[136/500] train_loss: 0.00774 valid_loss: 0.22046 valid_MSE: 0.22002 valid_MAE: 0.23138 valid_R2: 0.68096 
[137/500] train_loss: 0.01246 valid_loss: 0.21938 valid_MSE: 0.21786 valid_MAE: 0.22639 valid_R2: 0.68408 
[138/500] train_loss: 0.00817 valid_loss: 0.22716 valid_MSE: 0.22546 valid_MAE: 0.23042 valid_R2: 0.67307 
[139/500] train_loss: 0.00984 valid_loss: 0.22192 valid_MSE: 0.22069 valid_MAE: 0.22596 valid_R2: 0.67999 
[140/500] train_loss: 0.00708 valid_loss: 0.22843 valid_MSE: 0.22655 valid_MAE: 0.23265 valid_R2: 0.67148 
[141/500] train_loss: 0.01045 valid_loss: 0.21889 valid_MSE: 0.21716 valid_MAE: 0.22512 valid_R2: 0.68511 
[142/500] train_loss: 0.00766 valid_loss: 0.22772 valid_MSE: 0.22662 valid_MAE: 0.23562 valid_R2: 0.67139 
[143/500] train_loss: 0.00988 valid_loss: 0.22118 valid_MSE: 0.21926 valid_MAE: 0.22709 valid_R2: 0.68206 
[144/500] train_loss: 0.00683 valid_loss: 0.23082 valid_MSE: 0.22839 valid_MAE: 0.23236 valid_R2: 0.66882 
[145/500] train_loss: 0.00980 valid_loss: 0.22456 valid_MSE: 0.22187 valid_MAE: 0.22574 valid_R2: 0.67828 
[146/500] train_loss: 0.00691 valid_loss: 0.22909 valid_MSE: 0.22549 valid_MAE: 0.23202 valid_R2: 0.67302 
[147/500] train_loss: 0.00838 valid_loss: 0.21752 valid_MSE: 0.21617 valid_MAE: 0.22260 valid_R2: 0.68654 
[148/500] train_loss: 0.00591 valid_loss: 0.22028 valid_MSE: 0.21892 valid_MAE: 0.22641 valid_R2: 0.68256 
[149/500] train_loss: 0.00814 valid_loss: 0.22347 valid_MSE: 0.22072 valid_MAE: 0.22601 valid_R2: 0.67994 
[150/500] train_loss: 0.00716 valid_loss: 0.22519 valid_MSE: 0.22220 valid_MAE: 0.22941 valid_R2: 0.67779 
[151/500] train_loss: 0.00936 valid_loss: 0.21436 valid_MSE: 0.21366 valid_MAE: 0.22573 valid_R2: 0.69018 
[152/500] train_loss: 0.00692 valid_loss: 0.23662 valid_MSE: 0.23124 valid_MAE: 0.23043 valid_R2: 0.66469 
[153/500] train_loss: 0.00845 valid_loss: 0.21851 valid_MSE: 0.21692 valid_MAE: 0.22420 valid_R2: 0.68545 
[154/500] train_loss: 0.00626 valid_loss: 0.22667 valid_MSE: 0.22451 valid_MAE: 0.23006 valid_R2: 0.67444 
[155/500] train_loss: 0.00956 valid_loss: 0.22083 valid_MSE: 0.21923 valid_MAE: 0.22598 valid_R2: 0.68210 
[156/500] train_loss: 0.00656 valid_loss: 0.23418 valid_MSE: 0.22975 valid_MAE: 0.23331 valid_R2: 0.66684 
[157/500] train_loss: 0.00817 valid_loss: 0.21992 valid_MSE: 0.21848 valid_MAE: 0.22547 valid_R2: 0.68318 
[158/500] train_loss: 0.00558 valid_loss: 0.22549 valid_MSE: 0.22062 valid_MAE: 0.22655 valid_R2: 0.68009 
[159/500] train_loss: 0.00646 valid_loss: 0.21959 valid_MSE: 0.21639 valid_MAE: 0.22602 valid_R2: 0.68623 
[160/500] train_loss: 0.00503 valid_loss: 0.22357 valid_MSE: 0.22093 valid_MAE: 0.22834 valid_R2: 0.67964 
[161/500] train_loss: 0.00617 valid_loss: 0.22194 valid_MSE: 0.21828 valid_MAE: 0.22622 valid_R2: 0.68348 
[162/500] train_loss: 0.00699 valid_loss: 0.22918 valid_MSE: 0.22494 valid_MAE: 0.23088 valid_R2: 0.67382 
[163/500] train_loss: 0.00836 valid_loss: 0.22271 valid_MSE: 0.21906 valid_MAE: 0.22813 valid_R2: 0.68234 
[164/500] train_loss: 0.00624 valid_loss: 0.23039 valid_MSE: 0.22854 valid_MAE: 0.24129 valid_R2: 0.66860 
[165/500] train_loss: 0.00656 valid_loss: 0.22367 valid_MSE: 0.22083 valid_MAE: 0.22516 valid_R2: 0.67978 
[166/500] train_loss: 0.00605 valid_loss: 0.22588 valid_MSE: 0.22337 valid_MAE: 0.23412 valid_R2: 0.67609 
[167/500] train_loss: 0.00698 valid_loss: 0.22231 valid_MSE: 0.21853 valid_MAE: 0.22599 valid_R2: 0.68311 
[168/500] train_loss: 0.00574 valid_loss: 0.22967 valid_MSE: 0.22609 valid_MAE: 0.22795 valid_R2: 0.67216 
[169/500] train_loss: 0.00601 valid_loss: 0.22257 valid_MSE: 0.21893 valid_MAE: 0.22485 valid_R2: 0.68254 
[170/500] train_loss: 0.00574 valid_loss: 0.22649 valid_MSE: 0.22304 valid_MAE: 0.23087 valid_R2: 0.67658 
[171/500] train_loss: 0.00627 valid_loss: 0.22292 valid_MSE: 0.21980 valid_MAE: 0.22437 valid_R2: 0.68127 
[172/500] train_loss: 0.00559 valid_loss: 0.22536 valid_MSE: 0.22030 valid_MAE: 0.22896 valid_R2: 0.68055 
[173/500] train_loss: 0.00572 valid_loss: 0.22394 valid_MSE: 0.22023 valid_MAE: 0.22762 valid_R2: 0.68066 
[174/500] train_loss: 0.00528 valid_loss: 0.23120 valid_MSE: 0.22622 valid_MAE: 0.22839 valid_R2: 0.67197 
[175/500] train_loss: 0.00662 valid_loss: 0.22849 valid_MSE: 0.22307 valid_MAE: 0.22742 valid_R2: 0.67654 
[176/500] train_loss: 0.02806 valid_loss: 0.27945 valid_MSE: 0.27257 valid_MAE: 0.26040 valid_R2: 0.60475 
[177/500] train_loss: 0.02543 valid_loss: 0.23331 valid_MSE: 0.22656 valid_MAE: 0.23351 valid_R2: 0.67147 
[178/500] train_loss: 0.01027 valid_loss: 0.23148 valid_MSE: 0.22620 valid_MAE: 0.22659 valid_R2: 0.67200 
[179/500] train_loss: 0.00760 valid_loss: 0.22217 valid_MSE: 0.21861 valid_MAE: 0.22335 valid_R2: 0.68299 
[180/500] train_loss: 0.00550 valid_loss: 0.22620 valid_MSE: 0.22084 valid_MAE: 0.22867 valid_R2: 0.67977 
Train_set--Loss:0.00650;MSE:0.00651;MAE:0.03637;R2:0.99030.
Valid_set--Loss:0.21514;MSE:0.21363;MAE:0.22409;R2:0.69022.
Test_set--Loss:0.18853;MSE:0.18853;MAE:0.21306;R2:0.71607.
************************* 第 4 折 *************************
Training...
[  1/500] train_loss: 0.59321 valid_loss: 0.62715 valid_MSE: 0.62189 valid_MAE: 0.38590 valid_R2: 0.13114 
[  2/500] train_loss: 0.45623 valid_loss: 0.45612 valid_MSE: 0.45641 valid_MAE: 0.44219 valid_R2: 0.36234 
[  3/500] train_loss: 0.41208 valid_loss: 0.44849 valid_MSE: 0.44945 valid_MAE: 0.41373 valid_R2: 0.37206 
[  4/500] train_loss: 0.39752 valid_loss: 0.43345 valid_MSE: 0.43218 valid_MAE: 0.39544 valid_R2: 0.39619 
[  5/500] train_loss: 0.38093 valid_loss: 0.43303 valid_MSE: 0.43380 valid_MAE: 0.39027 valid_R2: 0.39393 
[  6/500] train_loss: 0.37264 valid_loss: 0.40723 valid_MSE: 0.40875 valid_MAE: 0.37788 valid_R2: 0.42893 
[  7/500] train_loss: 0.35384 valid_loss: 0.41228 valid_MSE: 0.41097 valid_MAE: 0.33693 valid_R2: 0.42583 
[  8/500] train_loss: 0.33758 valid_loss: 0.37042 valid_MSE: 0.37228 valid_MAE: 0.36609 valid_R2: 0.47988 
[  9/500] train_loss: 0.31625 valid_loss: 0.38572 valid_MSE: 0.38904 valid_MAE: 0.35484 valid_R2: 0.45646 
[ 10/500] train_loss: 0.29746 valid_loss: 0.33830 valid_MSE: 0.34056 valid_MAE: 0.32839 valid_R2: 0.52419 
[ 11/500] train_loss: 0.28004 valid_loss: 0.35394 valid_MSE: 0.35483 valid_MAE: 0.33521 valid_R2: 0.50426 
[ 12/500] train_loss: 0.26746 valid_loss: 0.31452 valid_MSE: 0.31661 valid_MAE: 0.31665 valid_R2: 0.55766 
[ 13/500] train_loss: 0.24916 valid_loss: 0.32608 valid_MSE: 0.32837 valid_MAE: 0.32181 valid_R2: 0.54123 
[ 14/500] train_loss: 0.23747 valid_loss: 0.29519 valid_MSE: 0.29722 valid_MAE: 0.29817 valid_R2: 0.58475 
[ 15/500] train_loss: 0.22050 valid_loss: 0.32868 valid_MSE: 0.32905 valid_MAE: 0.32083 valid_R2: 0.54028 
[ 16/500] train_loss: 0.20532 valid_loss: 0.27840 valid_MSE: 0.27869 valid_MAE: 0.28221 valid_R2: 0.61064 
[ 17/500] train_loss: 0.19102 valid_loss: 0.30939 valid_MSE: 0.31179 valid_MAE: 0.28374 valid_R2: 0.56439 
[ 18/500] train_loss: 0.18342 valid_loss: 0.26806 valid_MSE: 0.26748 valid_MAE: 0.28123 valid_R2: 0.62630 
[ 19/500] train_loss: 0.16667 valid_loss: 0.28875 valid_MSE: 0.28982 valid_MAE: 0.29230 valid_R2: 0.59508 
[ 20/500] train_loss: 0.15638 valid_loss: 0.26230 valid_MSE: 0.26375 valid_MAE: 0.27972 valid_R2: 0.63150 
[ 21/500] train_loss: 0.14500 valid_loss: 0.29700 valid_MSE: 0.30026 valid_MAE: 0.30462 valid_R2: 0.58050 
[ 22/500] train_loss: 0.13695 valid_loss: 0.25569 valid_MSE: 0.25804 valid_MAE: 0.26960 valid_R2: 0.63949 
[ 23/500] train_loss: 0.12439 valid_loss: 0.28623 valid_MSE: 0.28906 valid_MAE: 0.28134 valid_R2: 0.59615 
[ 24/500] train_loss: 0.12241 valid_loss: 0.24610 valid_MSE: 0.24852 valid_MAE: 0.26069 valid_R2: 0.65278 
[ 25/500] train_loss: 0.11118 valid_loss: 0.26124 valid_MSE: 0.26186 valid_MAE: 0.25921 valid_R2: 0.63415 
[ 26/500] train_loss: 0.10323 valid_loss: 0.24218 valid_MSE: 0.24366 valid_MAE: 0.24928 valid_R2: 0.65958 
[ 27/500] train_loss: 0.09328 valid_loss: 0.27234 valid_MSE: 0.27402 valid_MAE: 0.26702 valid_R2: 0.61715 
[ 28/500] train_loss: 0.09298 valid_loss: 0.24032 valid_MSE: 0.24216 valid_MAE: 0.24345 valid_R2: 0.66168 
[ 29/500] train_loss: 0.08334 valid_loss: 0.26870 valid_MSE: 0.27176 valid_MAE: 0.28670 valid_R2: 0.62032 
[ 30/500] train_loss: 0.07898 valid_loss: 0.23906 valid_MSE: 0.24086 valid_MAE: 0.24388 valid_R2: 0.66349 
[ 31/500] train_loss: 0.07662 valid_loss: 0.26892 valid_MSE: 0.27108 valid_MAE: 0.26642 valid_R2: 0.62127 
[ 32/500] train_loss: 0.07173 valid_loss: 0.24204 valid_MSE: 0.24380 valid_MAE: 0.24753 valid_R2: 0.65938 
[ 33/500] train_loss: 0.06355 valid_loss: 0.26495 valid_MSE: 0.26479 valid_MAE: 0.25516 valid_R2: 0.63005 
[ 34/500] train_loss: 0.06063 valid_loss: 0.24218 valid_MSE: 0.24332 valid_MAE: 0.24587 valid_R2: 0.66006 
[ 35/500] train_loss: 0.05776 valid_loss: 0.26455 valid_MSE: 0.26617 valid_MAE: 0.24849 valid_R2: 0.62812 
[ 36/500] train_loss: 0.05639 valid_loss: 0.23635 valid_MSE: 0.23786 valid_MAE: 0.24410 valid_R2: 0.66767 
[ 37/500] train_loss: 0.04873 valid_loss: 0.27177 valid_MSE: 0.27248 valid_MAE: 0.24662 valid_R2: 0.61931 
[ 38/500] train_loss: 0.04683 valid_loss: 0.23932 valid_MSE: 0.24152 valid_MAE: 0.24596 valid_R2: 0.66257 
[ 39/500] train_loss: 0.04574 valid_loss: 0.24812 valid_MSE: 0.25195 valid_MAE: 0.24884 valid_R2: 0.64800 
[ 40/500] train_loss: 0.04058 valid_loss: 0.23492 valid_MSE: 0.23726 valid_MAE: 0.23808 valid_R2: 0.66852 
[ 41/500] train_loss: 0.03967 valid_loss: 0.25366 valid_MSE: 0.25723 valid_MAE: 0.25599 valid_R2: 0.64062 
[ 42/500] train_loss: 0.03555 valid_loss: 0.23506 valid_MSE: 0.23753 valid_MAE: 0.23371 valid_R2: 0.66814 
[ 43/500] train_loss: 0.03674 valid_loss: 0.25325 valid_MSE: 0.25569 valid_MAE: 0.25058 valid_R2: 0.64277 
[ 44/500] train_loss: 0.03408 valid_loss: 0.23663 valid_MSE: 0.23897 valid_MAE: 0.23813 valid_R2: 0.66613 
[ 45/500] train_loss: 0.03264 valid_loss: 0.25325 valid_MSE: 0.25570 valid_MAE: 0.26321 valid_R2: 0.64275 
[ 46/500] train_loss: 0.03143 valid_loss: 0.23552 valid_MSE: 0.23812 valid_MAE: 0.23461 valid_R2: 0.66731 
[ 47/500] train_loss: 0.02854 valid_loss: 0.24494 valid_MSE: 0.24725 valid_MAE: 0.23909 valid_R2: 0.65456 
[ 48/500] train_loss: 0.02634 valid_loss: 0.22978 valid_MSE: 0.23253 valid_MAE: 0.23257 valid_R2: 0.67512 
[ 49/500] train_loss: 0.02586 valid_loss: 0.24027 valid_MSE: 0.24272 valid_MAE: 0.24098 valid_R2: 0.66089 
[ 50/500] train_loss: 0.02378 valid_loss: 0.23288 valid_MSE: 0.23459 valid_MAE: 0.23143 valid_R2: 0.67225 
[ 51/500] train_loss: 0.02387 valid_loss: 0.24304 valid_MSE: 0.24484 valid_MAE: 0.23930 valid_R2: 0.65792 
[ 52/500] train_loss: 0.02184 valid_loss: 0.23156 valid_MSE: 0.23416 valid_MAE: 0.23358 valid_R2: 0.67285 
[ 53/500] train_loss: 0.02404 valid_loss: 0.23530 valid_MSE: 0.23793 valid_MAE: 0.23937 valid_R2: 0.66758 
[ 54/500] train_loss: 0.02188 valid_loss: 0.23357 valid_MSE: 0.23587 valid_MAE: 0.23091 valid_R2: 0.67046 
[ 55/500] train_loss: 0.02195 valid_loss: 0.23640 valid_MSE: 0.23857 valid_MAE: 0.23934 valid_R2: 0.66669 
[ 56/500] train_loss: 0.02029 valid_loss: 0.23426 valid_MSE: 0.23754 valid_MAE: 0.23593 valid_R2: 0.66813 
[ 57/500] train_loss: 0.02216 valid_loss: 0.24332 valid_MSE: 0.24603 valid_MAE: 0.24548 valid_R2: 0.65626 
[ 58/500] train_loss: 0.02080 valid_loss: 0.23351 valid_MSE: 0.23568 valid_MAE: 0.23257 valid_R2: 0.67072 
[ 59/500] train_loss: 0.02736 valid_loss: 0.24220 valid_MSE: 0.24576 valid_MAE: 0.24300 valid_R2: 0.65664 
[ 60/500] train_loss: 0.02475 valid_loss: 0.22973 valid_MSE: 0.23270 valid_MAE: 0.23218 valid_R2: 0.67489 
[ 61/500] train_loss: 0.02534 valid_loss: 0.23948 valid_MSE: 0.24173 valid_MAE: 0.24561 valid_R2: 0.66228 
[ 62/500] train_loss: 0.02019 valid_loss: 0.22968 valid_MSE: 0.23295 valid_MAE: 0.23056 valid_R2: 0.67453 
[ 63/500] train_loss: 0.02171 valid_loss: 0.23868 valid_MSE: 0.24146 valid_MAE: 0.24290 valid_R2: 0.66265 
[ 64/500] train_loss: 0.01705 valid_loss: 0.23261 valid_MSE: 0.23525 valid_MAE: 0.23288 valid_R2: 0.67132 
[ 65/500] train_loss: 0.02047 valid_loss: 0.24067 valid_MSE: 0.24353 valid_MAE: 0.23247 valid_R2: 0.65976 
[ 66/500] train_loss: 0.01715 valid_loss: 0.23286 valid_MSE: 0.23589 valid_MAE: 0.23280 valid_R2: 0.67043 
[ 67/500] train_loss: 0.01888 valid_loss: 0.24227 valid_MSE: 0.24617 valid_MAE: 0.24409 valid_R2: 0.65606 
[ 68/500] train_loss: 0.01650 valid_loss: 0.22987 valid_MSE: 0.23240 valid_MAE: 0.23222 valid_R2: 0.67531 
[ 69/500] train_loss: 0.01944 valid_loss: 0.23362 valid_MSE: 0.23618 valid_MAE: 0.23537 valid_R2: 0.67003 
[ 70/500] train_loss: 0.01541 valid_loss: 0.23355 valid_MSE: 0.23510 valid_MAE: 0.23074 valid_R2: 0.67154 
[ 71/500] train_loss: 0.01845 valid_loss: 0.23266 valid_MSE: 0.23441 valid_MAE: 0.23041 valid_R2: 0.67249 
[ 72/500] train_loss: 0.01432 valid_loss: 0.22846 valid_MSE: 0.23113 valid_MAE: 0.23158 valid_R2: 0.67709 
[ 73/500] train_loss: 0.01606 valid_loss: 0.23466 valid_MSE: 0.23718 valid_MAE: 0.23381 valid_R2: 0.66862 
[ 74/500] train_loss: 0.01381 valid_loss: 0.22878 valid_MSE: 0.23217 valid_MAE: 0.23466 valid_R2: 0.67562 
[ 75/500] train_loss: 0.01818 valid_loss: 0.23450 valid_MSE: 0.23797 valid_MAE: 0.23365 valid_R2: 0.66752 
[ 76/500] train_loss: 0.01538 valid_loss: 0.22918 valid_MSE: 0.23192 valid_MAE: 0.23166 valid_R2: 0.67598 
[ 77/500] train_loss: 0.01676 valid_loss: 0.23770 valid_MSE: 0.24068 valid_MAE: 0.23787 valid_R2: 0.66374 
[ 78/500] train_loss: 0.01362 valid_loss: 0.23097 valid_MSE: 0.23339 valid_MAE: 0.22979 valid_R2: 0.67392 
[ 79/500] train_loss: 0.01668 valid_loss: 0.23062 valid_MSE: 0.23372 valid_MAE: 0.23667 valid_R2: 0.67347 
[ 80/500] train_loss: 0.01333 valid_loss: 0.21996 valid_MSE: 0.22319 valid_MAE: 0.22527 valid_R2: 0.68817 
[ 81/500] train_loss: 0.01664 valid_loss: 0.22664 valid_MSE: 0.22932 valid_MAE: 0.22987 valid_R2: 0.67961 
[ 82/500] train_loss: 0.01300 valid_loss: 0.22602 valid_MSE: 0.22926 valid_MAE: 0.23141 valid_R2: 0.67969 
[ 83/500] train_loss: 0.01662 valid_loss: 0.23081 valid_MSE: 0.23383 valid_MAE: 0.23066 valid_R2: 0.67332 
[ 84/500] train_loss: 0.01304 valid_loss: 0.22410 valid_MSE: 0.22745 valid_MAE: 0.22896 valid_R2: 0.68223 
[ 85/500] train_loss: 0.01583 valid_loss: 0.23661 valid_MSE: 0.23950 valid_MAE: 0.23300 valid_R2: 0.66539 
[ 86/500] train_loss: 0.01219 valid_loss: 0.23082 valid_MSE: 0.23348 valid_MAE: 0.22684 valid_R2: 0.67380 
[ 87/500] train_loss: 0.01416 valid_loss: 0.23223 valid_MSE: 0.23517 valid_MAE: 0.23185 valid_R2: 0.67144 
[ 88/500] train_loss: 0.01138 valid_loss: 0.22602 valid_MSE: 0.22812 valid_MAE: 0.23076 valid_R2: 0.68129 
[ 89/500] train_loss: 0.01505 valid_loss: 0.22737 valid_MSE: 0.23021 valid_MAE: 0.22526 valid_R2: 0.67836 
[ 90/500] train_loss: 0.01159 valid_loss: 0.22732 valid_MSE: 0.23003 valid_MAE: 0.22974 valid_R2: 0.67862 
[ 91/500] train_loss: 0.01638 valid_loss: 0.22597 valid_MSE: 0.22856 valid_MAE: 0.23408 valid_R2: 0.68068 
[ 92/500] train_loss: 0.01180 valid_loss: 0.22523 valid_MSE: 0.22672 valid_MAE: 0.22830 valid_R2: 0.68325 
[ 93/500] train_loss: 0.01598 valid_loss: 0.23043 valid_MSE: 0.23285 valid_MAE: 0.22923 valid_R2: 0.67468 
[ 94/500] train_loss: 0.01090 valid_loss: 0.22999 valid_MSE: 0.23290 valid_MAE: 0.23107 valid_R2: 0.67462 
[ 95/500] train_loss: 0.01251 valid_loss: 0.22618 valid_MSE: 0.22869 valid_MAE: 0.22620 valid_R2: 0.68048 
[ 96/500] train_loss: 0.00960 valid_loss: 0.22711 valid_MSE: 0.22972 valid_MAE: 0.22612 valid_R2: 0.67905 
[ 97/500] train_loss: 0.01336 valid_loss: 0.22978 valid_MSE: 0.23157 valid_MAE: 0.22548 valid_R2: 0.67647 
[ 98/500] train_loss: 0.01020 valid_loss: 0.22567 valid_MSE: 0.22746 valid_MAE: 0.22951 valid_R2: 0.68221 
[ 99/500] train_loss: 0.01431 valid_loss: 0.22907 valid_MSE: 0.23231 valid_MAE: 0.22754 valid_R2: 0.67543 
[100/500] train_loss: 0.01040 valid_loss: 0.22512 valid_MSE: 0.22712 valid_MAE: 0.22623 valid_R2: 0.68268 
[101/500] train_loss: 0.01401 valid_loss: 0.22882 valid_MSE: 0.23166 valid_MAE: 0.22865 valid_R2: 0.67634 
[102/500] train_loss: 0.00957 valid_loss: 0.22474 valid_MSE: 0.22699 valid_MAE: 0.22932 valid_R2: 0.68287 
[103/500] train_loss: 0.01478 valid_loss: 0.22828 valid_MSE: 0.23066 valid_MAE: 0.23047 valid_R2: 0.67774 
[104/500] train_loss: 0.00933 valid_loss: 0.22916 valid_MSE: 0.23195 valid_MAE: 0.22720 valid_R2: 0.67594 
[105/500] train_loss: 0.01208 valid_loss: 0.22649 valid_MSE: 0.22923 valid_MAE: 0.22651 valid_R2: 0.67974 
[106/500] train_loss: 0.00888 valid_loss: 0.22648 valid_MSE: 0.22997 valid_MAE: 0.22623 valid_R2: 0.67871 
[107/500] train_loss: 0.01157 valid_loss: 0.22216 valid_MSE: 0.22452 valid_MAE: 0.22612 valid_R2: 0.68632 
[108/500] train_loss: 0.00884 valid_loss: 0.22542 valid_MSE: 0.22812 valid_MAE: 0.22514 valid_R2: 0.68129 
[109/500] train_loss: 0.01639 valid_loss: 0.22104 valid_MSE: 0.22341 valid_MAE: 0.22353 valid_R2: 0.68786 
[110/500] train_loss: 0.00992 valid_loss: 0.22014 valid_MSE: 0.22271 valid_MAE: 0.22737 valid_R2: 0.68885 
[111/500] train_loss: 0.01337 valid_loss: 0.22658 valid_MSE: 0.22922 valid_MAE: 0.22463 valid_R2: 0.67975 
[112/500] train_loss: 0.00891 valid_loss: 0.23447 valid_MSE: 0.23680 valid_MAE: 0.22784 valid_R2: 0.66916 
[113/500] train_loss: 0.01096 valid_loss: 0.22643 valid_MSE: 0.22876 valid_MAE: 0.22356 valid_R2: 0.68040 
[114/500] train_loss: 0.00780 valid_loss: 0.22690 valid_MSE: 0.22923 valid_MAE: 0.22701 valid_R2: 0.67974 
[115/500] train_loss: 0.01188 valid_loss: 0.22242 valid_MSE: 0.22502 valid_MAE: 0.22435 valid_R2: 0.68562 
[116/500] train_loss: 0.00837 valid_loss: 0.23347 valid_MSE: 0.23573 valid_MAE: 0.22975 valid_R2: 0.67065 
[117/500] train_loss: 0.01240 valid_loss: 0.22451 valid_MSE: 0.22762 valid_MAE: 0.22556 valid_R2: 0.68199 
[118/500] train_loss: 0.00804 valid_loss: 0.22935 valid_MSE: 0.23246 valid_MAE: 0.23228 valid_R2: 0.67522 
[119/500] train_loss: 0.01161 valid_loss: 0.22240 valid_MSE: 0.22512 valid_MAE: 0.22293 valid_R2: 0.68548 
[120/500] train_loss: 0.00809 valid_loss: 0.22370 valid_MSE: 0.22634 valid_MAE: 0.22481 valid_R2: 0.68378 
[121/500] train_loss: 0.01079 valid_loss: 0.22161 valid_MSE: 0.22451 valid_MAE: 0.22705 valid_R2: 0.68633 
[122/500] train_loss: 0.00749 valid_loss: 0.22009 valid_MSE: 0.22347 valid_MAE: 0.22714 valid_R2: 0.68779 
[123/500] train_loss: 0.01020 valid_loss: 0.22014 valid_MSE: 0.22338 valid_MAE: 0.22347 valid_R2: 0.68791 
[124/500] train_loss: 0.00713 valid_loss: 0.22595 valid_MSE: 0.22972 valid_MAE: 0.22998 valid_R2: 0.67905 
[125/500] train_loss: 0.01048 valid_loss: 0.22548 valid_MSE: 0.22906 valid_MAE: 0.22688 valid_R2: 0.67998 
[126/500] train_loss: 0.00725 valid_loss: 0.22668 valid_MSE: 0.22921 valid_MAE: 0.22584 valid_R2: 0.67976 
[127/500] train_loss: 0.01005 valid_loss: 0.22226 valid_MSE: 0.22504 valid_MAE: 0.22178 valid_R2: 0.68559 
[128/500] train_loss: 0.00743 valid_loss: 0.22984 valid_MSE: 0.23237 valid_MAE: 0.22371 valid_R2: 0.67535 
[129/500] train_loss: 0.01128 valid_loss: 0.22391 valid_MSE: 0.22738 valid_MAE: 0.22362 valid_R2: 0.68232 
[130/500] train_loss: 0.00771 valid_loss: 0.23447 valid_MSE: 0.23778 valid_MAE: 0.22659 valid_R2: 0.66779 
[131/500] train_loss: 0.01006 valid_loss: 0.22153 valid_MSE: 0.22474 valid_MAE: 0.22349 valid_R2: 0.68600 
[132/500] train_loss: 0.00739 valid_loss: 0.23160 valid_MSE: 0.23477 valid_MAE: 0.22784 valid_R2: 0.67200 
[133/500] train_loss: 0.01029 valid_loss: 0.22121 valid_MSE: 0.22436 valid_MAE: 0.22411 valid_R2: 0.68654 
[134/500] train_loss: 0.00692 valid_loss: 0.22430 valid_MSE: 0.22700 valid_MAE: 0.22672 valid_R2: 0.68285 
[135/500] train_loss: 0.00889 valid_loss: 0.22195 valid_MSE: 0.22515 valid_MAE: 0.22043 valid_R2: 0.68544 
[136/500] train_loss: 0.00662 valid_loss: 0.24055 valid_MSE: 0.24296 valid_MAE: 0.23256 valid_R2: 0.66055 
[137/500] train_loss: 0.01771 valid_loss: 0.22237 valid_MSE: 0.22555 valid_MAE: 0.22362 valid_R2: 0.68488 
[138/500] train_loss: 0.00948 valid_loss: 0.22322 valid_MSE: 0.22657 valid_MAE: 0.22703 valid_R2: 0.68345 
[139/500] train_loss: 0.01055 valid_loss: 0.21834 valid_MSE: 0.22170 valid_MAE: 0.22310 valid_R2: 0.69025 
[140/500] train_loss: 0.00669 valid_loss: 0.22199 valid_MSE: 0.22496 valid_MAE: 0.22429 valid_R2: 0.68570 
[141/500] train_loss: 0.00816 valid_loss: 0.22416 valid_MSE: 0.22742 valid_MAE: 0.21965 valid_R2: 0.68226 
[142/500] train_loss: 0.00585 valid_loss: 0.21891 valid_MSE: 0.22253 valid_MAE: 0.22425 valid_R2: 0.68909 
[143/500] train_loss: 0.00718 valid_loss: 0.22354 valid_MSE: 0.22678 valid_MAE: 0.22168 valid_R2: 0.68317 
[144/500] train_loss: 0.00538 valid_loss: 0.22457 valid_MSE: 0.22733 valid_MAE: 0.22319 valid_R2: 0.68239 
[145/500] train_loss: 0.00614 valid_loss: 0.22142 valid_MSE: 0.22435 valid_MAE: 0.22089 valid_R2: 0.68655 
[146/500] train_loss: 0.00530 valid_loss: 0.22187 valid_MSE: 0.22470 valid_MAE: 0.22635 valid_R2: 0.68607 
[147/500] train_loss: 0.00733 valid_loss: 0.22216 valid_MSE: 0.22506 valid_MAE: 0.22011 valid_R2: 0.68556 
[148/500] train_loss: 0.00605 valid_loss: 0.23601 valid_MSE: 0.23863 valid_MAE: 0.21960 valid_R2: 0.66660 
[149/500] train_loss: 0.01036 valid_loss: 0.22235 valid_MSE: 0.22478 valid_MAE: 0.22166 valid_R2: 0.68595 
[150/500] train_loss: 0.00738 valid_loss: 0.22742 valid_MSE: 0.23039 valid_MAE: 0.22414 valid_R2: 0.67811 
[151/500] train_loss: 0.00873 valid_loss: 0.22109 valid_MSE: 0.22450 valid_MAE: 0.22190 valid_R2: 0.68634 
[152/500] train_loss: 0.00643 valid_loss: 0.23169 valid_MSE: 0.23421 valid_MAE: 0.23258 valid_R2: 0.67278 
[153/500] train_loss: 0.00747 valid_loss: 0.22041 valid_MSE: 0.22315 valid_MAE: 0.22081 valid_R2: 0.68824 
[154/500] train_loss: 0.00693 valid_loss: 0.23122 valid_MSE: 0.23430 valid_MAE: 0.22196 valid_R2: 0.67265 
[155/500] train_loss: 0.00836 valid_loss: 0.22227 valid_MSE: 0.22577 valid_MAE: 0.22458 valid_R2: 0.68457 
[156/500] train_loss: 0.00675 valid_loss: 0.22758 valid_MSE: 0.23111 valid_MAE: 0.23054 valid_R2: 0.67711 
[157/500] train_loss: 0.00950 valid_loss: 0.21832 valid_MSE: 0.22188 valid_MAE: 0.22309 valid_R2: 0.69000 
[158/500] train_loss: 0.00666 valid_loss: 0.22755 valid_MSE: 0.23079 valid_MAE: 0.22189 valid_R2: 0.67756 
[159/500] train_loss: 0.00731 valid_loss: 0.22179 valid_MSE: 0.22570 valid_MAE: 0.22249 valid_R2: 0.68466 
[160/500] train_loss: 0.00606 valid_loss: 0.23072 valid_MSE: 0.23429 valid_MAE: 0.22972 valid_R2: 0.67266 
[161/500] train_loss: 0.00657 valid_loss: 0.22302 valid_MSE: 0.22663 valid_MAE: 0.22123 valid_R2: 0.68337 
[162/500] train_loss: 0.00515 valid_loss: 0.22514 valid_MSE: 0.22851 valid_MAE: 0.22508 valid_R2: 0.68074 
[163/500] train_loss: 0.00586 valid_loss: 0.22194 valid_MSE: 0.22535 valid_MAE: 0.22003 valid_R2: 0.68515 
[164/500] train_loss: 0.00551 valid_loss: 0.23137 valid_MSE: 0.23480 valid_MAE: 0.22861 valid_R2: 0.67196 
[165/500] train_loss: 0.00918 valid_loss: 0.22324 valid_MSE: 0.22615 valid_MAE: 0.21864 valid_R2: 0.68404 
[166/500] train_loss: 0.00655 valid_loss: 0.22848 valid_MSE: 0.23268 valid_MAE: 0.22857 valid_R2: 0.67491 
[167/500] train_loss: 0.00645 valid_loss: 0.22242 valid_MSE: 0.22609 valid_MAE: 0.22172 valid_R2: 0.68412 
[168/500] train_loss: 0.00522 valid_loss: 0.22514 valid_MSE: 0.22849 valid_MAE: 0.22142 valid_R2: 0.68077 
[169/500] train_loss: 0.00550 valid_loss: 0.22250 valid_MSE: 0.22562 valid_MAE: 0.21995 valid_R2: 0.68478 
[170/500] train_loss: 0.00502 valid_loss: 0.22666 valid_MSE: 0.22981 valid_MAE: 0.22477 valid_R2: 0.67893 
[171/500] train_loss: 0.00606 valid_loss: 0.22217 valid_MSE: 0.22495 valid_MAE: 0.21969 valid_R2: 0.68572 
[172/500] train_loss: 0.00507 valid_loss: 0.22663 valid_MSE: 0.22938 valid_MAE: 0.22723 valid_R2: 0.67952 
[173/500] train_loss: 0.00572 valid_loss: 0.22432 valid_MSE: 0.22691 valid_MAE: 0.21989 valid_R2: 0.68298 
[174/500] train_loss: 0.00692 valid_loss: 0.23342 valid_MSE: 0.23578 valid_MAE: 0.21982 valid_R2: 0.67059 
[175/500] train_loss: 0.00869 valid_loss: 0.21988 valid_MSE: 0.22279 valid_MAE: 0.22057 valid_R2: 0.68873 
[176/500] train_loss: 0.00680 valid_loss: 0.22874 valid_MSE: 0.23155 valid_MAE: 0.22278 valid_R2: 0.67649 
[177/500] train_loss: 0.00649 valid_loss: 0.21843 valid_MSE: 0.22181 valid_MAE: 0.21624 valid_R2: 0.69011 
[178/500] train_loss: 0.00585 valid_loss: 0.22303 valid_MSE: 0.22631 valid_MAE: 0.22279 valid_R2: 0.68382 
[179/500] train_loss: 0.00613 valid_loss: 0.22069 valid_MSE: 0.22356 valid_MAE: 0.22044 valid_R2: 0.68766 
[180/500] train_loss: 0.00513 valid_loss: 0.22409 valid_MSE: 0.22771 valid_MAE: 0.22005 valid_R2: 0.68186 
[181/500] train_loss: 0.00520 valid_loss: 0.21973 valid_MSE: 0.22308 valid_MAE: 0.22050 valid_R2: 0.68832 
[182/500] train_loss: 0.00549 valid_loss: 0.22556 valid_MSE: 0.22903 valid_MAE: 0.22818 valid_R2: 0.68002 
[183/500] train_loss: 0.00559 valid_loss: 0.22410 valid_MSE: 0.22766 valid_MAE: 0.21944 valid_R2: 0.68193 
[184/500] train_loss: 0.00474 valid_loss: 0.22510 valid_MSE: 0.22801 valid_MAE: 0.22066 valid_R2: 0.68144 
[185/500] train_loss: 0.00507 valid_loss: 0.22274 valid_MSE: 0.22624 valid_MAE: 0.21813 valid_R2: 0.68391 
[186/500] train_loss: 0.00692 valid_loss: 0.23185 valid_MSE: 0.23539 valid_MAE: 0.22860 valid_R2: 0.67114 
[187/500] train_loss: 0.00702 valid_loss: 0.22612 valid_MSE: 0.22942 valid_MAE: 0.22205 valid_R2: 0.67948 
[188/500] train_loss: 0.00594 valid_loss: 0.22335 valid_MSE: 0.22689 valid_MAE: 0.22357 valid_R2: 0.68300 
[189/500] train_loss: 0.00543 valid_loss: 0.22236 valid_MSE: 0.22584 valid_MAE: 0.22132 valid_R2: 0.68447 
Train_set--Loss:0.00388;MSE:0.00388;MAE:0.03063;R2:0.99420.
Valid_set--Loss:0.21834;MSE:0.22170;MAE:0.22310;R2:0.69025.
Test_set--Loss:0.20818;MSE:0.20817;MAE:0.21928;R2:0.68005.
************************* 第 5 折 *************************
Training...
[  1/500] train_loss: 0.59453 valid_loss: 0.47379 valid_MSE: 0.47472 valid_MAE: 0.44882 valid_R2: 0.31836 
[  2/500] train_loss: 0.44399 valid_loss: 0.40675 valid_MSE: 0.40352 valid_MAE: 0.40104 valid_R2: 0.42059 
[  3/500] train_loss: 0.41547 valid_loss: 0.42569 valid_MSE: 0.42729 valid_MAE: 0.37558 valid_R2: 0.38646 
[  4/500] train_loss: 0.41181 valid_loss: 0.39313 valid_MSE: 0.39129 valid_MAE: 0.38489 valid_R2: 0.43815 
[  5/500] train_loss: 0.39134 valid_loss: 0.42625 valid_MSE: 0.42527 valid_MAE: 0.46622 valid_R2: 0.38937 
[  6/500] train_loss: 0.38509 valid_loss: 0.38421 valid_MSE: 0.38185 valid_MAE: 0.37185 valid_R2: 0.45170 
[  7/500] train_loss: 0.36867 valid_loss: 0.38286 valid_MSE: 0.38249 valid_MAE: 0.34881 valid_R2: 0.45079 
[  8/500] train_loss: 0.35408 valid_loss: 0.34973 valid_MSE: 0.34633 valid_MAE: 0.33434 valid_R2: 0.50272 
[  9/500] train_loss: 0.33274 valid_loss: 0.37526 valid_MSE: 0.37290 valid_MAE: 0.38661 valid_R2: 0.46456 
[ 10/500] train_loss: 0.31498 valid_loss: 0.32244 valid_MSE: 0.31857 valid_MAE: 0.31431 valid_R2: 0.54258 
[ 11/500] train_loss: 0.29140 valid_loss: 0.32097 valid_MSE: 0.31930 valid_MAE: 0.31645 valid_R2: 0.54152 
[ 12/500] train_loss: 0.27608 valid_loss: 0.29838 valid_MSE: 0.29608 valid_MAE: 0.29528 valid_R2: 0.57487 
[ 13/500] train_loss: 0.25530 valid_loss: 0.31509 valid_MSE: 0.31259 valid_MAE: 0.32240 valid_R2: 0.55116 
[ 14/500] train_loss: 0.24659 valid_loss: 0.29726 valid_MSE: 0.29629 valid_MAE: 0.29285 valid_R2: 0.57456 
[ 15/500] train_loss: 0.22879 valid_loss: 0.31337 valid_MSE: 0.31398 valid_MAE: 0.29264 valid_R2: 0.54916 
[ 16/500] train_loss: 0.22295 valid_loss: 0.27836 valid_MSE: 0.27992 valid_MAE: 0.27871 valid_R2: 0.59806 
[ 17/500] train_loss: 0.20626 valid_loss: 0.29791 valid_MSE: 0.30159 valid_MAE: 0.28185 valid_R2: 0.56695 
[ 18/500] train_loss: 0.19721 valid_loss: 0.25970 valid_MSE: 0.26077 valid_MAE: 0.27403 valid_R2: 0.62557 
[ 19/500] train_loss: 0.17888 valid_loss: 0.30345 valid_MSE: 0.30249 valid_MAE: 0.29957 valid_R2: 0.56566 
[ 20/500] train_loss: 0.17345 valid_loss: 0.26094 valid_MSE: 0.26318 valid_MAE: 0.26957 valid_R2: 0.62211 
[ 21/500] train_loss: 0.15581 valid_loss: 0.26385 valid_MSE: 0.26184 valid_MAE: 0.26439 valid_R2: 0.62402 
[ 22/500] train_loss: 0.14698 valid_loss: 0.24815 valid_MSE: 0.24965 valid_MAE: 0.26244 valid_R2: 0.64153 
[ 23/500] train_loss: 0.13949 valid_loss: 0.26308 valid_MSE: 0.26296 valid_MAE: 0.27985 valid_R2: 0.62242 
[ 24/500] train_loss: 0.13292 valid_loss: 0.24036 valid_MSE: 0.24195 valid_MAE: 0.26327 valid_R2: 0.65258 
[ 25/500] train_loss: 0.11509 valid_loss: 0.24894 valid_MSE: 0.24962 valid_MAE: 0.25691 valid_R2: 0.64157 
[ 26/500] train_loss: 0.11089 valid_loss: 0.23402 valid_MSE: 0.23369 valid_MAE: 0.24541 valid_R2: 0.66445 
[ 27/500] train_loss: 0.10339 valid_loss: 0.25054 valid_MSE: 0.25259 valid_MAE: 0.26155 valid_R2: 0.63732 
[ 28/500] train_loss: 0.09940 valid_loss: 0.22489 valid_MSE: 0.22634 valid_MAE: 0.24559 valid_R2: 0.67500 
[ 29/500] train_loss: 0.09063 valid_loss: 0.26553 valid_MSE: 0.26735 valid_MAE: 0.28343 valid_R2: 0.61612 
[ 30/500] train_loss: 0.08347 valid_loss: 0.23081 valid_MSE: 0.23308 valid_MAE: 0.24037 valid_R2: 0.66532 
[ 31/500] train_loss: 0.08136 valid_loss: 0.25326 valid_MSE: 0.25362 valid_MAE: 0.26883 valid_R2: 0.63583 
[ 32/500] train_loss: 0.07500 valid_loss: 0.22684 valid_MSE: 0.22812 valid_MAE: 0.24183 valid_R2: 0.67245 
[ 33/500] train_loss: 0.07034 valid_loss: 0.24869 valid_MSE: 0.25283 valid_MAE: 0.25678 valid_R2: 0.63696 
[ 34/500] train_loss: 0.06685 valid_loss: 0.22425 valid_MSE: 0.22698 valid_MAE: 0.23740 valid_R2: 0.67409 
[ 35/500] train_loss: 0.06266 valid_loss: 0.24303 valid_MSE: 0.24377 valid_MAE: 0.24734 valid_R2: 0.64997 
[ 36/500] train_loss: 0.05690 valid_loss: 0.22204 valid_MSE: 0.22360 valid_MAE: 0.23495 valid_R2: 0.67894 
[ 37/500] train_loss: 0.05569 valid_loss: 0.25976 valid_MSE: 0.25978 valid_MAE: 0.28013 valid_R2: 0.62698 
[ 38/500] train_loss: 0.05337 valid_loss: 0.22285 valid_MSE: 0.22359 valid_MAE: 0.23284 valid_R2: 0.67895 
[ 39/500] train_loss: 0.04474 valid_loss: 0.23226 valid_MSE: 0.23544 valid_MAE: 0.23457 valid_R2: 0.66194 
[ 40/500] train_loss: 0.04255 valid_loss: 0.22364 valid_MSE: 0.22628 valid_MAE: 0.23713 valid_R2: 0.67509 
[ 41/500] train_loss: 0.03972 valid_loss: 0.23778 valid_MSE: 0.24020 valid_MAE: 0.24057 valid_R2: 0.65511 
[ 42/500] train_loss: 0.03644 valid_loss: 0.21674 valid_MSE: 0.21874 valid_MAE: 0.22772 valid_R2: 0.68591 
[ 43/500] train_loss: 0.03343 valid_loss: 0.23206 valid_MSE: 0.23165 valid_MAE: 0.23477 valid_R2: 0.66738 
[ 44/500] train_loss: 0.03303 valid_loss: 0.21627 valid_MSE: 0.21763 valid_MAE: 0.22507 valid_R2: 0.68751 
[ 45/500] train_loss: 0.03240 valid_loss: 0.23735 valid_MSE: 0.23832 valid_MAE: 0.23941 valid_R2: 0.65780 
[ 46/500] train_loss: 0.03081 valid_loss: 0.22040 valid_MSE: 0.22347 valid_MAE: 0.22725 valid_R2: 0.67912 
[ 47/500] train_loss: 0.03035 valid_loss: 0.22758 valid_MSE: 0.22997 valid_MAE: 0.23532 valid_R2: 0.66978 
[ 48/500] train_loss: 0.02764 valid_loss: 0.21816 valid_MSE: 0.21912 valid_MAE: 0.22511 valid_R2: 0.68536 
[ 49/500] train_loss: 0.03056 valid_loss: 0.22693 valid_MSE: 0.22613 valid_MAE: 0.23830 valid_R2: 0.67531 
[ 50/500] train_loss: 0.02859 valid_loss: 0.21449 valid_MSE: 0.21570 valid_MAE: 0.22687 valid_R2: 0.69028 
[ 51/500] train_loss: 0.02665 valid_loss: 0.23159 valid_MSE: 0.23128 valid_MAE: 0.23593 valid_R2: 0.66791 
[ 52/500] train_loss: 0.02317 valid_loss: 0.21731 valid_MSE: 0.21826 valid_MAE: 0.22699 valid_R2: 0.68661 
[ 53/500] train_loss: 0.02479 valid_loss: 0.23719 valid_MSE: 0.23684 valid_MAE: 0.24499 valid_R2: 0.65993 
[ 54/500] train_loss: 0.02239 valid_loss: 0.21441 valid_MSE: 0.21444 valid_MAE: 0.22415 valid_R2: 0.69209 
[ 55/500] train_loss: 0.02401 valid_loss: 0.21893 valid_MSE: 0.21889 valid_MAE: 0.22843 valid_R2: 0.68570 
[ 56/500] train_loss: 0.02192 valid_loss: 0.21185 valid_MSE: 0.21238 valid_MAE: 0.21938 valid_R2: 0.69505 
[ 57/500] train_loss: 0.02424 valid_loss: 0.22944 valid_MSE: 0.22983 valid_MAE: 0.23209 valid_R2: 0.66999 
[ 58/500] train_loss: 0.02027 valid_loss: 0.21408 valid_MSE: 0.21568 valid_MAE: 0.22371 valid_R2: 0.69031 
[ 59/500] train_loss: 0.02439 valid_loss: 0.22618 valid_MSE: 0.22857 valid_MAE: 0.22634 valid_R2: 0.67179 
[ 60/500] train_loss: 0.02184 valid_loss: 0.21543 valid_MSE: 0.21556 valid_MAE: 0.22147 valid_R2: 0.69048 
[ 61/500] train_loss: 0.02112 valid_loss: 0.22353 valid_MSE: 0.22454 valid_MAE: 0.23258 valid_R2: 0.67759 
[ 62/500] train_loss: 0.01787 valid_loss: 0.20965 valid_MSE: 0.21013 valid_MAE: 0.22138 valid_R2: 0.69827 
[ 63/500] train_loss: 0.01839 valid_loss: 0.21641 valid_MSE: 0.21796 valid_MAE: 0.22439 valid_R2: 0.68703 
[ 64/500] train_loss: 0.01748 valid_loss: 0.21137 valid_MSE: 0.21299 valid_MAE: 0.22330 valid_R2: 0.69417 
[ 65/500] train_loss: 0.02003 valid_loss: 0.21575 valid_MSE: 0.21516 valid_MAE: 0.22823 valid_R2: 0.69105 
[ 66/500] train_loss: 0.01732 valid_loss: 0.21179 valid_MSE: 0.21137 valid_MAE: 0.21815 valid_R2: 0.69650 
[ 67/500] train_loss: 0.02083 valid_loss: 0.22073 valid_MSE: 0.22083 valid_MAE: 0.22639 valid_R2: 0.68291 
[ 68/500] train_loss: 0.01584 valid_loss: 0.21250 valid_MSE: 0.21348 valid_MAE: 0.22073 valid_R2: 0.69346 
[ 69/500] train_loss: 0.01949 valid_loss: 0.21642 valid_MSE: 0.21936 valid_MAE: 0.22910 valid_R2: 0.68502 
[ 70/500] train_loss: 0.01654 valid_loss: 0.21443 valid_MSE: 0.21597 valid_MAE: 0.22365 valid_R2: 0.68990 
[ 71/500] train_loss: 0.01793 valid_loss: 0.21591 valid_MSE: 0.21738 valid_MAE: 0.22959 valid_R2: 0.68786 
[ 72/500] train_loss: 0.01516 valid_loss: 0.21162 valid_MSE: 0.21253 valid_MAE: 0.22569 valid_R2: 0.69483 
[ 73/500] train_loss: 0.01818 valid_loss: 0.21355 valid_MSE: 0.21431 valid_MAE: 0.22055 valid_R2: 0.69227 
[ 74/500] train_loss: 0.01478 valid_loss: 0.20727 valid_MSE: 0.20874 valid_MAE: 0.22283 valid_R2: 0.70028 
[ 75/500] train_loss: 0.01891 valid_loss: 0.21687 valid_MSE: 0.21789 valid_MAE: 0.23002 valid_R2: 0.68714 
[ 76/500] train_loss: 0.01505 valid_loss: 0.21207 valid_MSE: 0.21449 valid_MAE: 0.21749 valid_R2: 0.69202 
[ 77/500] train_loss: 0.01939 valid_loss: 0.21441 valid_MSE: 0.21558 valid_MAE: 0.22710 valid_R2: 0.69046 
[ 78/500] train_loss: 0.01439 valid_loss: 0.20866 valid_MSE: 0.21115 valid_MAE: 0.21445 valid_R2: 0.69682 
[ 79/500] train_loss: 0.01836 valid_loss: 0.21251 valid_MSE: 0.21501 valid_MAE: 0.21931 valid_R2: 0.69127 
[ 80/500] train_loss: 0.01386 valid_loss: 0.21170 valid_MSE: 0.21315 valid_MAE: 0.22493 valid_R2: 0.69394 
[ 81/500] train_loss: 0.01533 valid_loss: 0.21204 valid_MSE: 0.21309 valid_MAE: 0.22304 valid_R2: 0.69403 
[ 82/500] train_loss: 0.01169 valid_loss: 0.20881 valid_MSE: 0.20987 valid_MAE: 0.22350 valid_R2: 0.69865 
[ 83/500] train_loss: 0.01561 valid_loss: 0.20877 valid_MSE: 0.21080 valid_MAE: 0.21994 valid_R2: 0.69731 
[ 84/500] train_loss: 0.01196 valid_loss: 0.20975 valid_MSE: 0.21095 valid_MAE: 0.21947 valid_R2: 0.69710 
[ 85/500] train_loss: 0.01647 valid_loss: 0.21220 valid_MSE: 0.21392 valid_MAE: 0.22502 valid_R2: 0.69284 
[ 86/500] train_loss: 0.01244 valid_loss: 0.21045 valid_MSE: 0.21160 valid_MAE: 0.21970 valid_R2: 0.69617 
[ 87/500] train_loss: 0.01544 valid_loss: 0.20911 valid_MSE: 0.21021 valid_MAE: 0.21487 valid_R2: 0.69816 
[ 88/500] train_loss: 0.01148 valid_loss: 0.21023 valid_MSE: 0.21154 valid_MAE: 0.21449 valid_R2: 0.69625 
[ 89/500] train_loss: 0.01334 valid_loss: 0.20559 valid_MSE: 0.20674 valid_MAE: 0.21674 valid_R2: 0.70314 
[ 90/500] train_loss: 0.01072 valid_loss: 0.20444 valid_MSE: 0.20612 valid_MAE: 0.21367 valid_R2: 0.70404 
[ 91/500] train_loss: 0.01281 valid_loss: 0.20840 valid_MSE: 0.20894 valid_MAE: 0.21645 valid_R2: 0.69999 
[ 92/500] train_loss: 0.01036 valid_loss: 0.20645 valid_MSE: 0.20756 valid_MAE: 0.21933 valid_R2: 0.70197 
[ 93/500] train_loss: 0.01428 valid_loss: 0.21432 valid_MSE: 0.21517 valid_MAE: 0.22036 valid_R2: 0.69104 
[ 94/500] train_loss: 0.01073 valid_loss: 0.21191 valid_MSE: 0.21274 valid_MAE: 0.21852 valid_R2: 0.69453 
[ 95/500] train_loss: 0.01511 valid_loss: 0.21639 valid_MSE: 0.21602 valid_MAE: 0.21772 valid_R2: 0.68982 
[ 96/500] train_loss: 0.01220 valid_loss: 0.20924 valid_MSE: 0.20929 valid_MAE: 0.21882 valid_R2: 0.69949 
[ 97/500] train_loss: 0.01625 valid_loss: 0.20935 valid_MSE: 0.21063 valid_MAE: 0.21931 valid_R2: 0.69755 
[ 98/500] train_loss: 0.01066 valid_loss: 0.21446 valid_MSE: 0.21527 valid_MAE: 0.22247 valid_R2: 0.69090 
[ 99/500] train_loss: 0.01410 valid_loss: 0.21330 valid_MSE: 0.21323 valid_MAE: 0.21906 valid_R2: 0.69383 
[100/500] train_loss: 0.01033 valid_loss: 0.21440 valid_MSE: 0.21369 valid_MAE: 0.21779 valid_R2: 0.69316 
[101/500] train_loss: 0.01589 valid_loss: 0.20720 valid_MSE: 0.20796 valid_MAE: 0.21639 valid_R2: 0.70140 
[102/500] train_loss: 0.01073 valid_loss: 0.21170 valid_MSE: 0.21327 valid_MAE: 0.21985 valid_R2: 0.69377 
[103/500] train_loss: 0.01486 valid_loss: 0.20983 valid_MSE: 0.21044 valid_MAE: 0.21650 valid_R2: 0.69784 
[104/500] train_loss: 0.01049 valid_loss: 0.20920 valid_MSE: 0.20924 valid_MAE: 0.21914 valid_R2: 0.69955 
[105/500] train_loss: 0.01299 valid_loss: 0.20961 valid_MSE: 0.21079 valid_MAE: 0.21715 valid_R2: 0.69734 
[106/500] train_loss: 0.00888 valid_loss: 0.20998 valid_MSE: 0.21123 valid_MAE: 0.21588 valid_R2: 0.69670 
[107/500] train_loss: 0.01166 valid_loss: 0.20494 valid_MSE: 0.20747 valid_MAE: 0.21412 valid_R2: 0.70210 
[108/500] train_loss: 0.00848 valid_loss: 0.20634 valid_MSE: 0.20670 valid_MAE: 0.21782 valid_R2: 0.70321 
[109/500] train_loss: 0.01062 valid_loss: 0.20512 valid_MSE: 0.20531 valid_MAE: 0.21403 valid_R2: 0.70519 
[110/500] train_loss: 0.00835 valid_loss: 0.21098 valid_MSE: 0.21312 valid_MAE: 0.21672 valid_R2: 0.69398 
[111/500] train_loss: 0.01330 valid_loss: 0.21899 valid_MSE: 0.21880 valid_MAE: 0.21978 valid_R2: 0.68583 
[112/500] train_loss: 0.00917 valid_loss: 0.21311 valid_MSE: 0.21419 valid_MAE: 0.21650 valid_R2: 0.69245 
[113/500] train_loss: 0.01547 valid_loss: 0.21070 valid_MSE: 0.21079 valid_MAE: 0.21704 valid_R2: 0.69734 
[114/500] train_loss: 0.00965 valid_loss: 0.21180 valid_MSE: 0.21356 valid_MAE: 0.22055 valid_R2: 0.69336 
[115/500] train_loss: 0.01243 valid_loss: 0.21233 valid_MSE: 0.21287 valid_MAE: 0.21872 valid_R2: 0.69434 
[116/500] train_loss: 0.00858 valid_loss: 0.20862 valid_MSE: 0.20854 valid_MAE: 0.21850 valid_R2: 0.70056 
[117/500] train_loss: 0.01184 valid_loss: 0.20957 valid_MSE: 0.20955 valid_MAE: 0.21749 valid_R2: 0.69912 
[118/500] train_loss: 0.00793 valid_loss: 0.21600 valid_MSE: 0.21667 valid_MAE: 0.22229 valid_R2: 0.68888 
[119/500] train_loss: 0.01149 valid_loss: 0.21043 valid_MSE: 0.21122 valid_MAE: 0.21648 valid_R2: 0.69672 
[120/500] train_loss: 0.00820 valid_loss: 0.21339 valid_MSE: 0.21354 valid_MAE: 0.22289 valid_R2: 0.69338 
[121/500] train_loss: 0.01112 valid_loss: 0.20723 valid_MSE: 0.20812 valid_MAE: 0.21591 valid_R2: 0.70116 
[122/500] train_loss: 0.00747 valid_loss: 0.20971 valid_MSE: 0.21047 valid_MAE: 0.21857 valid_R2: 0.69779 
[123/500] train_loss: 0.00997 valid_loss: 0.20679 valid_MSE: 0.20722 valid_MAE: 0.21481 valid_R2: 0.70246 
[124/500] train_loss: 0.00717 valid_loss: 0.21085 valid_MSE: 0.21106 valid_MAE: 0.21657 valid_R2: 0.69695 
[125/500] train_loss: 0.01156 valid_loss: 0.20784 valid_MSE: 0.20854 valid_MAE: 0.21533 valid_R2: 0.70056 
[126/500] train_loss: 0.00760 valid_loss: 0.21720 valid_MSE: 0.21828 valid_MAE: 0.22276 valid_R2: 0.68657 
[127/500] train_loss: 0.01024 valid_loss: 0.21014 valid_MSE: 0.21115 valid_MAE: 0.21600 valid_R2: 0.69681 
[128/500] train_loss: 0.00787 valid_loss: 0.21699 valid_MSE: 0.21755 valid_MAE: 0.22516 valid_R2: 0.68763 
[129/500] train_loss: 0.01264 valid_loss: 0.21078 valid_MSE: 0.21272 valid_MAE: 0.21803 valid_R2: 0.69456 
[130/500] train_loss: 0.00796 valid_loss: 0.21612 valid_MSE: 0.21644 valid_MAE: 0.22440 valid_R2: 0.68922 
[131/500] train_loss: 0.00968 valid_loss: 0.21389 valid_MSE: 0.21487 valid_MAE: 0.21938 valid_R2: 0.69147 
[132/500] train_loss: 0.00752 valid_loss: 0.21700 valid_MSE: 0.21646 valid_MAE: 0.22782 valid_R2: 0.68918 
[133/500] train_loss: 0.00946 valid_loss: 0.20876 valid_MSE: 0.21034 valid_MAE: 0.21588 valid_R2: 0.69797 
[134/500] train_loss: 0.00740 valid_loss: 0.20859 valid_MSE: 0.21064 valid_MAE: 0.21486 valid_R2: 0.69755 
[135/500] train_loss: 0.00968 valid_loss: 0.20609 valid_MSE: 0.20617 valid_MAE: 0.21420 valid_R2: 0.70397 
[136/500] train_loss: 0.00657 valid_loss: 0.21535 valid_MSE: 0.21565 valid_MAE: 0.22459 valid_R2: 0.69036 
[137/500] train_loss: 0.00871 valid_loss: 0.20777 valid_MSE: 0.20837 valid_MAE: 0.21397 valid_R2: 0.70080 
[138/500] train_loss: 0.00602 valid_loss: 0.21066 valid_MSE: 0.21226 valid_MAE: 0.21999 valid_R2: 0.69523 
[139/500] train_loss: 0.00888 valid_loss: 0.20985 valid_MSE: 0.21075 valid_MAE: 0.21683 valid_R2: 0.69738 
[140/500] train_loss: 0.00684 valid_loss: 0.21215 valid_MSE: 0.21328 valid_MAE: 0.22051 valid_R2: 0.69376 
[141/500] train_loss: 0.01038 valid_loss: 0.20903 valid_MSE: 0.21002 valid_MAE: 0.21570 valid_R2: 0.69843 
[142/500] train_loss: 0.00801 valid_loss: 0.21475 valid_MSE: 0.21621 valid_MAE: 0.22956 valid_R2: 0.68955 
[143/500] train_loss: 0.01017 valid_loss: 0.20727 valid_MSE: 0.20829 valid_MAE: 0.21548 valid_R2: 0.70092 
[144/500] train_loss: 0.00670 valid_loss: 0.21098 valid_MSE: 0.21215 valid_MAE: 0.21653 valid_R2: 0.69538 
[145/500] train_loss: 0.00783 valid_loss: 0.20901 valid_MSE: 0.20890 valid_MAE: 0.21537 valid_R2: 0.70004 
[146/500] train_loss: 0.00589 valid_loss: 0.20739 valid_MSE: 0.20858 valid_MAE: 0.21310 valid_R2: 0.70050 
[147/500] train_loss: 0.00734 valid_loss: 0.20623 valid_MSE: 0.20695 valid_MAE: 0.21258 valid_R2: 0.70284 
[148/500] train_loss: 0.00596 valid_loss: 0.21324 valid_MSE: 0.21386 valid_MAE: 0.21836 valid_R2: 0.69292 
[149/500] train_loss: 0.00869 valid_loss: 0.20851 valid_MSE: 0.20963 valid_MAE: 0.21484 valid_R2: 0.69899 
[150/500] train_loss: 0.00615 valid_loss: 0.21516 valid_MSE: 0.21484 valid_MAE: 0.22268 valid_R2: 0.69151 
[151/500] train_loss: 0.00798 valid_loss: 0.20828 valid_MSE: 0.20931 valid_MAE: 0.21419 valid_R2: 0.69945 
[152/500] train_loss: 0.00555 valid_loss: 0.21587 valid_MSE: 0.21666 valid_MAE: 0.22053 valid_R2: 0.68890 
[153/500] train_loss: 0.00762 valid_loss: 0.20875 valid_MSE: 0.20942 valid_MAE: 0.21325 valid_R2: 0.69929 
[154/500] train_loss: 0.00684 valid_loss: 0.21195 valid_MSE: 0.21177 valid_MAE: 0.21512 valid_R2: 0.69592 
[155/500] train_loss: 0.00943 valid_loss: 0.20518 valid_MSE: 0.20616 valid_MAE: 0.21305 valid_R2: 0.70398 
[156/500] train_loss: 0.00696 valid_loss: 0.20672 valid_MSE: 0.20873 valid_MAE: 0.21389 valid_R2: 0.70029 
[157/500] train_loss: 0.00877 valid_loss: 0.20075 valid_MSE: 0.20210 valid_MAE: 0.21015 valid_R2: 0.70981 
[158/500] train_loss: 0.00679 valid_loss: 0.21119 valid_MSE: 0.21128 valid_MAE: 0.22229 valid_R2: 0.69662 
[159/500] train_loss: 0.00704 valid_loss: 0.20524 valid_MSE: 0.20535 valid_MAE: 0.21231 valid_R2: 0.70514 
[160/500] train_loss: 0.00541 valid_loss: 0.20704 valid_MSE: 0.20721 valid_MAE: 0.21938 valid_R2: 0.70247 
[161/500] train_loss: 0.00630 valid_loss: 0.20666 valid_MSE: 0.20737 valid_MAE: 0.21335 valid_R2: 0.70223 
[162/500] train_loss: 0.00562 valid_loss: 0.20783 valid_MSE: 0.20830 valid_MAE: 0.21647 valid_R2: 0.70091 
[163/500] train_loss: 0.00624 valid_loss: 0.20611 valid_MSE: 0.20596 valid_MAE: 0.21276 valid_R2: 0.70427 
[164/500] train_loss: 0.00568 valid_loss: 0.20767 valid_MSE: 0.20849 valid_MAE: 0.21264 valid_R2: 0.70063 
[165/500] train_loss: 0.00729 valid_loss: 0.20591 valid_MSE: 0.20533 valid_MAE: 0.21387 valid_R2: 0.70517 
[166/500] train_loss: 0.00532 valid_loss: 0.21270 valid_MSE: 0.21454 valid_MAE: 0.21439 valid_R2: 0.69195 
[167/500] train_loss: 0.00612 valid_loss: 0.20600 valid_MSE: 0.20688 valid_MAE: 0.21513 valid_R2: 0.70295 
[168/500] train_loss: 0.00540 valid_loss: 0.21353 valid_MSE: 0.21269 valid_MAE: 0.21455 valid_R2: 0.69460 
[169/500] train_loss: 0.00650 valid_loss: 0.20889 valid_MSE: 0.20850 valid_MAE: 0.21513 valid_R2: 0.70061 
[170/500] train_loss: 0.00538 valid_loss: 0.21339 valid_MSE: 0.21308 valid_MAE: 0.21815 valid_R2: 0.69404 
[171/500] train_loss: 0.00597 valid_loss: 0.20813 valid_MSE: 0.20915 valid_MAE: 0.21169 valid_R2: 0.69969 
[172/500] train_loss: 0.00567 valid_loss: 0.21553 valid_MSE: 0.21570 valid_MAE: 0.21794 valid_R2: 0.69028 
[173/500] train_loss: 0.00668 valid_loss: 0.20775 valid_MSE: 0.20862 valid_MAE: 0.21319 valid_R2: 0.70045 
[174/500] train_loss: 0.00621 valid_loss: 0.21229 valid_MSE: 0.21216 valid_MAE: 0.21418 valid_R2: 0.69536 
[175/500] train_loss: 0.00649 valid_loss: 0.21120 valid_MSE: 0.21082 valid_MAE: 0.21611 valid_R2: 0.69728 
[176/500] train_loss: 0.00535 valid_loss: 0.21372 valid_MSE: 0.21411 valid_MAE: 0.21616 valid_R2: 0.69256 
[177/500] train_loss: 0.00547 valid_loss: 0.21284 valid_MSE: 0.21122 valid_MAE: 0.21737 valid_R2: 0.69672 
[178/500] train_loss: 0.00792 valid_loss: 0.21670 valid_MSE: 0.21660 valid_MAE: 0.21842 valid_R2: 0.68899 
[179/500] train_loss: 0.00824 valid_loss: 0.21028 valid_MSE: 0.21115 valid_MAE: 0.22096 valid_R2: 0.69681 
[180/500] train_loss: 0.00629 valid_loss: 0.21649 valid_MSE: 0.21712 valid_MAE: 0.22015 valid_R2: 0.68824 
[181/500] train_loss: 0.00644 valid_loss: 0.20810 valid_MSE: 0.20928 valid_MAE: 0.21352 valid_R2: 0.69949 
[182/500] train_loss: 0.00615 valid_loss: 0.21730 valid_MSE: 0.21788 valid_MAE: 0.21776 valid_R2: 0.68715 
[183/500] train_loss: 0.00590 valid_loss: 0.21235 valid_MSE: 0.21285 valid_MAE: 0.21620 valid_R2: 0.69438 
[184/500] train_loss: 0.00497 valid_loss: 0.21696 valid_MSE: 0.21652 valid_MAE: 0.21694 valid_R2: 0.68910 
[185/500] train_loss: 0.00501 valid_loss: 0.21286 valid_MSE: 0.21305 valid_MAE: 0.21344 valid_R2: 0.69408 
[186/500] train_loss: 0.00529 valid_loss: 0.20786 valid_MSE: 0.20790 valid_MAE: 0.21308 valid_R2: 0.70148 
[187/500] train_loss: 0.00506 valid_loss: 0.21109 valid_MSE: 0.21080 valid_MAE: 0.21299 valid_R2: 0.69731 
[188/500] train_loss: 0.00535 valid_loss: 0.21543 valid_MSE: 0.21517 valid_MAE: 0.21547 valid_R2: 0.69104 
[189/500] train_loss: 0.00513 valid_loss: 0.21183 valid_MSE: 0.21144 valid_MAE: 0.21422 valid_R2: 0.69640 
[190/500] train_loss: 0.00490 valid_loss: 0.21750 valid_MSE: 0.21734 valid_MAE: 0.21889 valid_R2: 0.68792 
[191/500] train_loss: 0.00485 valid_loss: 0.21335 valid_MSE: 0.21334 valid_MAE: 0.21693 valid_R2: 0.69367 
[192/500] train_loss: 0.00748 valid_loss: 0.21912 valid_MSE: 0.21967 valid_MAE: 0.22413 valid_R2: 0.68458 
[193/500] train_loss: 0.00743 valid_loss: 0.20852 valid_MSE: 0.20780 valid_MAE: 0.21264 valid_R2: 0.70163 
[194/500] train_loss: 0.00797 valid_loss: 0.21660 valid_MSE: 0.21546 valid_MAE: 0.21849 valid_R2: 0.69062 
[195/500] train_loss: 0.00632 valid_loss: 0.21191 valid_MSE: 0.21010 valid_MAE: 0.21669 valid_R2: 0.69833 
[196/500] train_loss: 0.00605 valid_loss: 0.21813 valid_MSE: 0.21856 valid_MAE: 0.21920 valid_R2: 0.68618 
[197/500] train_loss: 0.00493 valid_loss: 0.21136 valid_MSE: 0.21125 valid_MAE: 0.21487 valid_R2: 0.69667 
[198/500] train_loss: 0.00497 valid_loss: 0.21195 valid_MSE: 0.21107 valid_MAE: 0.21608 valid_R2: 0.69693 
[199/500] train_loss: 0.00491 valid_loss: 0.21278 valid_MSE: 0.21300 valid_MAE: 0.21292 valid_R2: 0.69416 
[200/500] train_loss: 0.00924 valid_loss: 0.22172 valid_MSE: 0.22144 valid_MAE: 0.22397 valid_R2: 0.68203 
[201/500] train_loss: 0.00737 valid_loss: 0.21383 valid_MSE: 0.21357 valid_MAE: 0.21714 valid_R2: 0.69334 
[202/500] train_loss: 0.00634 valid_loss: 0.21654 valid_MSE: 0.21705 valid_MAE: 0.21379 valid_R2: 0.68834 
[203/500] train_loss: 0.00492 valid_loss: 0.21192 valid_MSE: 0.21299 valid_MAE: 0.21383 valid_R2: 0.69417 
[204/500] train_loss: 0.00503 valid_loss: 0.21050 valid_MSE: 0.21111 valid_MAE: 0.21101 valid_R2: 0.69687 
[205/500] train_loss: 0.00444 valid_loss: 0.20874 valid_MSE: 0.21014 valid_MAE: 0.21269 valid_R2: 0.69826 
[206/500] train_loss: 0.00493 valid_loss: 0.21522 valid_MSE: 0.21637 valid_MAE: 0.21599 valid_R2: 0.68932 
[207/500] train_loss: 0.00425 valid_loss: 0.21864 valid_MSE: 0.21831 valid_MAE: 0.21857 valid_R2: 0.68653 
Train_set--Loss:0.00309;MSE:0.00309;MAE:0.02671;R2:0.99536.
Valid_set--Loss:0.20075;MSE:0.20210;MAE:0.21015;R2:0.70981.
Test_set--Loss:0.20289;MSE:0.20289;MAE:0.21464;R2:0.69992.
MSE(std):0.2034(0.0078)
MAE(std):0.2181(0.0036)
R2(std):0.6969(0.0175)
